2022-12-01 08:30:32.170  INFO 19144 --- [http-nio-8081-exec-4] c.r.interceptor.RefreshTokenInterceptor  : 登录令牌:null
2022-12-01 08:30:32.172  INFO 19144 --- [http-nio-8081-exec-4] c.r.interceptor.RefreshTokenInterceptor  : 登录令牌是否为空:true
2022-12-01 08:30:32.349  INFO 19144 --- [http-nio-8081-exec-5] c.r.interceptor.RefreshTokenInterceptor  : 登录令牌:null
2022-12-01 08:30:32.349  INFO 19144 --- [http-nio-8081-exec-5] c.r.interceptor.RefreshTokenInterceptor  : 登录令牌是否为空:true
2022-12-01 08:30:32.356  INFO 19144 --- [http-nio-8081-exec-6] c.r.interceptor.RefreshTokenInterceptor  : 登录令牌:null
2022-12-01 08:30:32.356  INFO 19144 --- [http-nio-8081-exec-6] c.r.interceptor.RefreshTokenInterceptor  : 登录令牌是否为空:true
2022-12-01 08:34:59.764  INFO 19144 --- [http-nio-8081-exec-8] c.r.interceptor.RefreshTokenInterceptor  : 登录令牌:null
2022-12-01 08:34:59.764  INFO 19144 --- [http-nio-8081-exec-8] c.r.interceptor.RefreshTokenInterceptor  : 登录令牌是否为空:true
2022-12-01 08:34:59.764  INFO 19144 --- [http-nio-8081-exec-8] com.raj.interceptor.LoginInterceptor     : 请求:/setmeal/querySetmealList.do
2022-12-01 08:34:59.766  INFO 19144 --- [http-nio-8081-exec-8] com.raj.interceptor.LoginInterceptor     : 当前线程的员工对象:null
2022-12-01 08:34:59.766  INFO 19144 --- [http-nio-8081-exec-8] com.raj.interceptor.LoginInterceptor     : 当前线程的用户对象:null
2022-12-01 08:35:37.535  INFO 19144 --- [http-nio-8081-exec-10] c.r.interceptor.RefreshTokenInterceptor  : 登录令牌:c08d2626fb8942cda93a815d60d729a1
2022-12-01 08:35:37.536  INFO 19144 --- [http-nio-8081-exec-10] c.r.interceptor.RefreshTokenInterceptor  : 登录令牌是否为空:false
2022-12-01 08:35:38.483  INFO 19144 --- [http-nio-8081-exec-10] c.r.interceptor.RefreshTokenInterceptor  : Redis储存中的员工:{devStatus=0, sex=1, updateUser=1, updateTime=2021-05-10T02:24:09, idNumber=110101199001010047, password=e10adc3949ba59abbe56e057f20f883e, employeeClassify=0, phone=13812312312, createTime=2021-05-06T17:20:07, name=管理员, createUser=1, id=1415576781934608386, username=admin, status=1}
2022-12-01 08:35:38.546  INFO 19144 --- [http-nio-8081-exec-10] c.r.interceptor.RefreshTokenInterceptor  : Redis储存中的用户:{}
2022-12-01 08:35:38.546  INFO 19144 --- [http-nio-8081-exec-10] com.raj.interceptor.LoginInterceptor     : 请求:/setmeal/querySetmealList.do
2022-12-01 08:35:38.546  INFO 19144 --- [http-nio-8081-exec-10] com.raj.interceptor.LoginInterceptor     : 当前线程的员工对象:Employee(id=1415576781934608386, name=管理员, username=admin, password=e10adc3949ba59abbe56e057f20f883e, phone=13812312312, sex=1, idNumber=110101199001010047, status=1, createTime=2021-05-06T17:20:07, updateTime=2021-05-10T02:24:09, createUser=1, updateUser=1, devStatus=0, employeeClassify=0)
2022-12-01 08:35:38.546  INFO 19144 --- [http-nio-8081-exec-10] com.raj.interceptor.LoginInterceptor     : 当前线程的用户对象:null
2022-12-01 08:35:38.554  INFO 19144 --- [http-nio-8081-exec-10] c.r.c.backend.combo.SetmealController    : 要查询的套餐对象:Setmeal(id=null, categoryId=null, name=null, price=null, status=null, code=null, description=null, image=null, createTime=null, updateTime=null, createUser=null, updateUser=null, isDeleted=null)
2022-12-01 08:35:38.581 ERROR 19144 --- [http-nio-8081-exec-10] com.raj.common.GlobalExceptionHandler    : 异常错误信息:Null key returned for cache operation (maybe you are using named params on classes without debug info?) Builder[public java.util.List com.raj.service.backend.impl.SetmealServiceImpl.querySetmealList(com.raj.entity.backend.Setmeal)] caches=[front:setmeal:category:list] | key='#setmeal.categoryId' | keyGenerator='' | cacheManager='' | cacheResolver='' | condition='' | unless='' | sync='false'
2022-12-01 09:08:47.463  INFO 19144 --- [SpringApplicationShutdownHook] com.alibaba.druid.pool.DruidDataSource   : {dataSource-1} closing ...
2022-12-01 09:08:47.466  INFO 19144 --- [SpringApplicationShutdownHook] com.alibaba.druid.pool.DruidDataSource   : {dataSource-1} closed
2022-12-01 09:08:47.466  INFO 19144 --- [SpringApplicationShutdownHook] com.alibaba.druid.pool.DruidDataSource   : {dataSource-2} closing ...
2022-12-01 09:08:47.467  INFO 19144 --- [SpringApplicationShutdownHook] com.alibaba.druid.pool.DruidDataSource   : {dataSource-2} closed
