2022-11-22 08:19:53.991  INFO 7004 --- [SpringApplicationShutdownHook] com.alibaba.druid.pool.DruidDataSource   : {dataSource-0} closing ...
2022-11-22 08:26:27.214  INFO 19040 --- [main] com.raj.front.service.UserServiceTest    : Starting UserServiceTest using Java 1.8.0_351 on DESKTOP-KV8ES4J with PID 19040 (started by RainGrd in D:\materials\raj\raj-entrance)
2022-11-22 08:26:27.215  INFO 19040 --- [main] com.raj.front.service.UserServiceTest    : The following 6 profiles are active: "common", "entity", "dao", "service", "web", "entrance"
2022-11-22 08:26:27.992  INFO 19040 --- [main] .s.d.r.c.RepositoryConfigurationDelegate : Multiple Spring Data modules found, entering strict repository configuration mode
2022-11-22 08:26:27.995  INFO 19040 --- [main] .s.d.r.c.RepositoryConfigurationDelegate : Bootstrapping Spring Data Redis repositories in DEFAULT mode.
2022-11-22 08:26:28.052  INFO 19040 --- [main] .s.d.r.c.RepositoryConfigurationDelegate : Finished Spring Data repository scanning in 37 ms. Found 0 Redis repository interfaces.
2022-11-22 08:26:28.614  INFO 19040 --- [main] trationDelegate$BeanPostProcessorChecker : Bean 'org.springframework.boot.autoconfigure.jdbc.DataSourceConfiguration$Generic' of type [org.springframework.boot.autoconfigure.jdbc.DataSourceConfiguration$Generic] is not eligible for getting processed by all BeanPostProcessors (for example: not eligible for auto-proxying)
2022-11-22 08:26:28.677  INFO 19040 --- [main] trationDelegate$BeanPostProcessorChecker : Bean 'spring.datasource-org.springframework.boot.autoconfigure.jdbc.DataSourceProperties' of type [org.springframework.boot.autoconfigure.jdbc.DataSourceProperties] is not eligible for getting processed by all BeanPostProcessors (for example: not eligible for auto-proxying)
2022-11-22 08:26:28.736  INFO 19040 --- [main] trationDelegate$BeanPostProcessorChecker : Bean 'dataSource' of type [com.alibaba.druid.pool.DruidDataSource] is not eligible for getting processed by all BeanPostProcessors (for example: not eligible for auto-proxying)
2022-11-22 08:26:28.754  INFO 19040 --- [main] trationDelegate$BeanPostProcessorChecker : Bean 'txAnoConfig' of type [com.raj.config.TxAnoConfig$$EnhancerBySpringCGLIB$$bfd1374d] is not eligible for getting processed by all BeanPostProcessors (for example: not eligible for auto-proxying)
2022-11-22 08:26:28.779  INFO 19040 --- [main] trationDelegate$BeanPostProcessorChecker : Bean 'txManger' of type [org.springframework.jdbc.datasource.DataSourceTransactionManager] is not eligible for getting processed by all BeanPostProcessors (for example: not eligible for auto-proxying)
2022-11-22 08:26:28.783  INFO 19040 --- [main] com.raj.config.TxAnoConfig               : 加载事务拦截器
2022-11-22 08:26:28.784  INFO 19040 --- [main] trationDelegate$BeanPostProcessorChecker : Bean 'txAdvice' of type [org.springframework.transaction.interceptor.TransactionInterceptor] is not eligible for getting processed by all BeanPostProcessors (for example: not eligible for auto-proxying)
2022-11-22 08:26:28.791  INFO 19040 --- [main] com.raj.config.TxAnoConfig               : 加载切面拦截规则
2022-11-22 08:26:28.798  INFO 19040 --- [main] trationDelegate$BeanPostProcessorChecker : Bean 'defaultPointcutAdvisor' of type [org.springframework.aop.support.DefaultPointcutAdvisor] is not eligible for getting processed by all BeanPostProcessors (for example: not eligible for auto-proxying)
2022-11-22 08:26:31.088  INFO 19040 --- [main] com.raj.config.RedisConfig               : 加载Redis缓存管理器...
2022-11-22 08:26:31.575  INFO 19040 --- [main] com.raj.config.MvcConfig                 : 加载消息转换器...
2022-11-22 08:26:31.730  INFO 19040 --- [main] com.raj.config.MvcConfig                 : 放行路径:[/backend/api/**, /backend/images/**, /backend/js/**, /backend/plugins/**, /backend/styles/**, /backend/favicon.ico, /backend/login/**, /common/**, /backend/page/**, /favicon.ico, /backend/index.html, /front/**]
2022-11-22 08:26:32.334  INFO 19040 --- [main] com.raj.front.service.UserServiceTest    : Started UserServiceTest in 5.555 seconds (JVM running for 6.943)
2022-11-22 08:26:32.688  INFO 19040 --- [main] c.r.front.service.impl.UserServiceImpl   : 发件人:3403896469@qq.com
