2022-11-22 18:25:56.412  INFO 14472 --- [main] trationDelegate$BeanPostProcessorChecker : Bean 'txAdvice' of type [org.springframework.transaction.interceptor.TransactionInterceptor] is not eligible for getting processed by all BeanPostProcessors (for example: not eligible for auto-proxying)
2022-11-22 18:25:56.424  INFO 14472 --- [main] com.raj.config.TxAnoConfig               : 加载切面拦截规则
2022-11-22 18:25:56.433  INFO 14472 --- [main] trationDelegate$BeanPostProcessorChecker : Bean 'defaultPointcutAdvisor' of type [org.springframework.aop.support.DefaultPointcutAdvisor] is not eligible for getting processed by all BeanPostProcessors (for example: not eligible for auto-proxying)
2022-11-22 18:25:59.862  INFO 14472 --- [main] com.raj.config.RedisConfig               : 加载Redis缓存管理器...
2022-11-22 18:26:00.538  INFO 14472 --- [main] com.raj.config.MvcConfig                 : 加载消息转换器...
2022-11-22 18:26:00.862  INFO 14472 --- [main] com.raj.config.MvcConfig                 : 放行路径:[/backend/api/**, /backend/images/**, /backend/js/**, /backend/plugins/**, /backend/styles/**, /backend/favicon.ico, /backend/login/**, /common/**, /backend/page/**, /favicon.ico, /backend/index.html, /front/page/**, /front/api/**, /front/images/**, /front/js/**, /front/fonts/**, /front/styles/**, /front/favicon.ico, /front/login/**, /front/index.html]
2022-11-22 18:26:01.927  INFO 14472 --- [main] c.r.backend.service.CategoryServiceTest  : Started CategoryServiceTest in 8.001 seconds (JVM running for 9.782)
2022-11-22 18:26:02.641  INFO 14472 --- [main] com.alibaba.druid.pool.DruidDataSource   : {dataSource-1} inited
2022-11-22 18:26:02.926  INFO 14472 --- [SpringApplicationShutdownHook] com.alibaba.druid.pool.DruidDataSource   : {dataSource-1} closing ...
2022-11-22 18:26:02.936  INFO 14472 --- [SpringApplicationShutdownHook] com.alibaba.druid.pool.DruidDataSource   : {dataSource-1} closed
2022-11-22 19:38:06.300  INFO 17676 --- [main] com.raj.front.service.UserServiceTest    : Starting UserServiceTest using Java 1.8.0_351 on DESKTOP-KV8ES4J with PID 17676 (started by RainGrd in D:\materials\raj\raj-entrance)
2022-11-22 19:38:06.305  INFO 17676 --- [main] com.raj.front.service.UserServiceTest    : The following 6 profiles are active: "common", "entity", "dao", "service", "web", "entrance"
2022-11-22 19:38:07.250  INFO 17676 --- [main] .s.d.r.c.RepositoryConfigurationDelegate : Multiple Spring Data modules found, entering strict repository configuration mode
2022-11-22 19:38:07.255  INFO 17676 --- [main] .s.d.r.c.RepositoryConfigurationDelegate : Bootstrapping Spring Data Redis repositories in DEFAULT mode.
2022-11-22 19:38:07.303  INFO 17676 --- [main] .s.d.r.c.RepositoryConfigurationDelegate : Finished Spring Data repository scanning in 30 ms. Found 0 Redis repository interfaces.
2022-11-22 19:38:07.978  INFO 17676 --- [main] trationDelegate$BeanPostProcessorChecker : Bean 'org.springframework.boot.autoconfigure.jdbc.DataSourceConfiguration$Generic' of type [org.springframework.boot.autoconfigure.jdbc.DataSourceConfiguration$Generic] is not eligible for getting processed by all BeanPostProcessors (for example: not eligible for auto-proxying)
2022-11-22 19:38:08.072  INFO 17676 --- [main] trationDelegate$BeanPostProcessorChecker : Bean 'spring.datasource-org.springframework.boot.autoconfigure.jdbc.DataSourceProperties' of type [org.springframework.boot.autoconfigure.jdbc.DataSourceProperties] is not eligible for getting processed by all BeanPostProcessors (for example: not eligible for auto-proxying)
2022-11-22 19:38:08.130  INFO 17676 --- [main] trationDelegate$BeanPostProcessorChecker : Bean 'dataSource' of type [com.alibaba.druid.pool.DruidDataSource] is not eligible for getting processed by all BeanPostProcessors (for example: not eligible for auto-proxying)
2022-11-22 19:38:08.149  INFO 17676 --- [main] trationDelegate$BeanPostProcessorChecker : Bean 'txAnoConfig' of type [com.raj.config.TxAnoConfig$$EnhancerBySpringCGLIB$$2f8ad9d0] is not eligible for getting processed by all BeanPostProcessors (for example: not eligible for auto-proxying)
2022-11-22 19:38:08.175  INFO 17676 --- [main] trationDelegate$BeanPostProcessorChecker : Bean 'txManger' of type [org.springframework.jdbc.datasource.DataSourceTransactionManager] is not eligible for getting processed by all BeanPostProcessors (for example: not eligible for auto-proxying)
2022-11-22 19:38:08.179  INFO 17676 --- [main] com.raj.config.TxAnoConfig               : 加载事务拦截器
