2022-11-23 08:26:55.459  INFO 19916 --- [main] com.raj.config.RedisConfig               : 加载Redis缓存管理器...
2022-11-23 08:26:55.987  INFO 19916 --- [main] com.raj.config.MvcConfig                 : 加载消息转换器...
2022-11-23 08:26:56.172  INFO 19916 --- [main] com.raj.config.MvcConfig                 : 放行路径:[/backend/api/**, /backend/images/**, /backend/js/**, /backend/plugins/**, /backend/styles/**, /backend/favicon.ico, /backend/login/**, /common/**, /backend/page/**, /favicon.ico, /backend/index.html, /front/page/**, /front/api/**, /front/images/**, /front/js/**, /front/fonts/**, /front/styles/**, /front/favicon.ico, /front/login/**, /front/index.html]
2022-11-23 08:26:56.896  INFO 19916 --- [main] com.raj.front.service.UserServiceTest    : Started UserServiceTest in 5.958 seconds (JVM running for 7.283)
2022-11-23 08:26:57.128  INFO 19916 --- [main] c.r.front.service.impl.UserServiceImpl   : 验证码-------------------------------:1136ae
2022-11-23 08:26:58.696  INFO 19916 --- [main] c.r.front.service.impl.UserServiceImpl   : 封装好的邮箱实体对象:EmailModel(sendTo=duanronggui1224@163.com, title=邮箱登录验证码, text=<h1>尊敬的客户您好！</h1><p>你的验证码为1136ae</p>, filePath=null)
2022-11-23 08:26:58.733  INFO 19916 --- [main] com.raj.utils.EmailUtils                 : 发件人:3408396469@qq.com
2022-11-23 08:26:58.735  INFO 19916 --- [main] com.raj.utils.EmailUtils                 : 收件人:duanronggui1224@163.com
2022-11-23 08:26:58.735  INFO 19916 --- [main] com.raj.utils.EmailUtils                 : 邮件标题,邮箱登录验证码
2022-11-23 08:26:58.735  INFO 19916 --- [main] com.raj.utils.EmailUtils                 : 邮件内容,<h1>尊敬的客户您好！</h1><p>你的验证码为1136ae</p>
2022-11-23 08:27:04.537  INFO 19916 --- [main] com.raj.utils.EmailUtils                 : 邮件已经发送成功
2022-11-23 08:27:04.687  INFO 19916 --- [SpringApplicationShutdownHook] com.alibaba.druid.pool.DruidDataSource   : {dataSource-0} closing ...
2022-11-23 08:31:58.925  INFO 6112 --- [main] com.raj.front.service.UserServiceTest    : Starting UserServiceTest using Java 1.8.0_351 on DESKTOP-KV8ES4J with PID 6112 (started by RainGrd in D:\materials\raj\raj-entrance)
2022-11-23 08:31:58.926  INFO 6112 --- [main] com.raj.front.service.UserServiceTest    : The following 6 profiles are active: "common", "entity", "dao", "service", "web", "entrance"
2022-11-23 08:31:59.810  INFO 6112 --- [main] .s.d.r.c.RepositoryConfigurationDelegate : Multiple Spring Data modules found, entering strict repository configuration mode
2022-11-23 08:31:59.813  INFO 6112 --- [main] .s.d.r.c.RepositoryConfigurationDelegate : Bootstrapping Spring Data Redis repositories in DEFAULT mode.
2022-11-23 08:31:59.870  INFO 6112 --- [main] .s.d.r.c.RepositoryConfigurationDelegate : Finished Spring Data repository scanning in 41 ms. Found 0 Redis repository interfaces.
2022-11-23 08:32:00.640  INFO 6112 --- [main] trationDelegate$BeanPostProcessorChecker : Bean 'org.springframework.boot.autoconfigure.jdbc.DataSourceConfiguration$Generic' of type [org.springframework.boot.autoconfigure.jdbc.DataSourceConfiguration$Generic] is not eligible for getting processed by all BeanPostProcessors (for example: not eligible for auto-proxying)
2022-11-23 08:32:00.683  INFO 6112 --- [main] trationDelegate$BeanPostProcessorChecker : Bean 'spring.datasource-org.springframework.boot.autoconfigure.jdbc.DataSourceProperties' of type [org.springframework.boot.autoconfigure.jdbc.DataSourceProperties] is not eligible for getting processed by all BeanPostProcessors (for example: not eligible for auto-proxying)
2022-11-23 08:32:00.784  INFO 6112 --- [main] trationDelegate$BeanPostProcessorChecker : Bean 'dataSource' of type [com.alibaba.druid.pool.DruidDataSource] is not eligible for getting processed by all BeanPostProcessors (for example: not eligible for auto-proxying)
2022-11-23 08:32:00.814  INFO 6112 --- [main] trationDelegate$BeanPostProcessorChecker : Bean 'txAnoConfig' of type [com.raj.config.TxAnoConfig$$EnhancerBySpringCGLIB$$fe7bb166] is not eligible for getting processed by all BeanPostProcessors (for example: not eligible for auto-proxying)
