2022-11-22 11:17:07.808  INFO 14424 --- [main] com.raj.front.service.UserServiceTest    : Started UserServiceTest in 6.315 seconds (JVM running for 8.056)
2022-11-22 11:17:08.183  INFO 14424 --- [main] c.r.front.service.impl.UserServiceImpl   : 收件人:duanronggui1224@163.com
2022-11-22 11:17:08.185  INFO 14424 --- [main] c.r.front.service.impl.UserServiceImpl   : 验证码-------------------------------:a1fbd9
2022-11-22 11:17:09.681  INFO 14424 --- [SpringApplicationShutdownHook] com.alibaba.druid.pool.DruidDataSource   : {dataSource-0} closing ...
2022-11-22 11:19:26.955  INFO 18604 --- [main] com.raj.front.service.UserServiceTest    : Starting UserServiceTest using Java 1.8.0_351 on DESKTOP-KV8ES4J with PID 18604 (started by RainGrd in D:\materials\raj\raj-entrance)
2022-11-22 11:19:26.957  INFO 18604 --- [main] com.raj.front.service.UserServiceTest    : The following 6 profiles are active: "common", "entity", "dao", "service", "web", "entrance"
2022-11-22 11:19:27.834  INFO 18604 --- [main] .s.d.r.c.RepositoryConfigurationDelegate : Multiple Spring Data modules found, entering strict repository configuration mode
2022-11-22 11:19:27.839  INFO 18604 --- [main] .s.d.r.c.RepositoryConfigurationDelegate : Bootstrapping Spring Data Redis repositories in DEFAULT mode.
2022-11-22 11:19:27.887  INFO 18604 --- [main] .s.d.r.c.RepositoryConfigurationDelegate : Finished Spring Data repository scanning in 33 ms. Found 0 Redis repository interfaces.
2022-11-22 11:19:28.519  INFO 18604 --- [main] trationDelegate$BeanPostProcessorChecker : Bean 'org.springframework.boot.autoconfigure.jdbc.DataSourceConfiguration$Generic' of type [org.springframework.boot.autoconfigure.jdbc.DataSourceConfiguration$Generic] is not eligible for getting processed by all BeanPostProcessors (for example: not eligible for auto-proxying)
2022-11-22 11:19:28.580  INFO 18604 --- [main] trationDelegate$BeanPostProcessorChecker : Bean 'spring.datasource-org.springframework.boot.autoconfigure.jdbc.DataSourceProperties' of type [org.springframework.boot.autoconfigure.jdbc.DataSourceProperties] is not eligible for getting processed by all BeanPostProcessors (for example: not eligible for auto-proxying)
2022-11-22 11:19:28.640  INFO 18604 --- [main] trationDelegate$BeanPostProcessorChecker : Bean 'dataSource' of type [com.alibaba.druid.pool.DruidDataSource] is not eligible for getting processed by all BeanPostProcessors (for example: not eligible for auto-proxying)
2022-11-22 11:19:28.661  INFO 18604 --- [main] trationDelegate$BeanPostProcessorChecker : Bean 'txAnoConfig' of type [com.raj.config.TxAnoConfig$$EnhancerBySpringCGLIB$$8f157fe8] is not eligible for getting processed by all BeanPostProcessors (for example: not eligible for auto-proxying)
2022-11-22 11:19:28.688  INFO 18604 --- [main] trationDelegate$BeanPostProcessorChecker : Bean 'txManger' of type [org.springframework.jdbc.datasource.DataSourceTransactionManager] is not eligible for getting processed by all BeanPostProcessors (for example: not eligible for auto-proxying)
2022-11-22 11:19:28.692  INFO 18604 --- [main] com.raj.config.TxAnoConfig               : 加载事务拦截器
2022-11-22 11:19:28.692  INFO 18604 --- [main] trationDelegate$BeanPostProcessorChecker : Bean 'txAdvice' of type [org.springframework.transaction.interceptor.TransactionInterceptor] is not eligible for getting processed by all BeanPostProcessors (for example: not eligible for auto-proxying)
2022-11-22 11:19:28.697  INFO 18604 --- [main] com.raj.config.TxAnoConfig               : 加载切面拦截规则
2022-11-22 11:19:28.705  INFO 18604 --- [main] trationDelegate$BeanPostProcessorChecker : Bean 'defaultPointcutAdvisor' of type [org.springframework.aop.support.DefaultPointcutAdvisor] is not eligible for getting processed by all BeanPostProcessors (for example: not eligible for auto-proxying)
2022-11-22 11:19:31.358  INFO 18604 --- [main] com.raj.config.RedisConfig               : 加载Redis缓存管理器...
2022-11-22 11:19:31.954  INFO 18604 --- [main] com.raj.config.MvcConfig                 : 加载消息转换器...
2022-11-22 11:19:32.163  INFO 18604 --- [main] com.raj.config.MvcConfig                 : 放行路径:[/backend/api/**, /backend/images/**, /backend/js/**, /backend/plugins/**, /backend/styles/**, /backend/favicon.ico, /backend/login/**, /common/**, /backend/page/**, /favicon.ico, /backend/index.html, /front/**]
