2022-11-23 07:50:58.629  INFO 18272 --- [main] com.raj.config.RedisConfig               : 加载Redis缓存管理器...
2022-11-23 07:50:59.276  INFO 18272 --- [main] com.raj.config.MvcConfig                 : 加载消息转换器...
2022-11-23 07:50:59.468  INFO 18272 --- [main] com.raj.config.MvcConfig                 : 放行路径:[/backend/api/**, /backend/images/**, /backend/js/**, /backend/plugins/**, /backend/styles/**, /backend/favicon.ico, /backend/login/**, /common/**, /backend/page/**, /favicon.ico, /backend/index.html, /front/page/**, /front/api/**, /front/images/**, /front/js/**, /front/fonts/**, /front/styles/**, /front/favicon.ico, /front/login/**, /front/index.html]
2022-11-23 07:51:00.267  INFO 18272 --- [main] com.raj.front.service.UserServiceTest    : Started UserServiceTest in 6.104 seconds (JVM running for 7.566)
2022-11-23 07:51:00.629  INFO 18272 --- [main] c.r.front.service.impl.UserServiceImpl   : 验证码-------------------------------:bd6b7d
2022-11-23 07:51:02.153  INFO 18272 --- [main] c.r.front.service.impl.UserServiceImpl   : 封装好的邮箱实体对象:EmailModel(sendTo=duanronggui1224@163.com, title=邮箱登录验证码, text=<h1>尊敬的客户您好！</h1><p>你的验证码为bd6b7d</p>, filePath=null)
2022-11-23 07:51:02.399  INFO 18272 --- [SpringApplicationShutdownHook] com.alibaba.druid.pool.DruidDataSource   : {dataSource-0} closing ...
2022-11-23 07:52:43.475  INFO 14484 --- [main] com.raj.front.service.UserServiceTest    : Starting UserServiceTest using Java 1.8.0_351 on DESKTOP-KV8ES4J with PID 14484 (started by RainGrd in D:\materials\raj\raj-entrance)
2022-11-23 07:52:43.476  INFO 14484 --- [main] com.raj.front.service.UserServiceTest    : The following 6 profiles are active: "common", "entity", "dao", "service", "web", "entrance"
2022-11-23 07:52:44.419  INFO 14484 --- [main] .s.d.r.c.RepositoryConfigurationDelegate : Multiple Spring Data modules found, entering strict repository configuration mode
2022-11-23 07:52:44.424  INFO 14484 --- [main] .s.d.r.c.RepositoryConfigurationDelegate : Bootstrapping Spring Data Redis repositories in DEFAULT mode.
2022-11-23 07:52:44.482  INFO 14484 --- [main] .s.d.r.c.RepositoryConfigurationDelegate : Finished Spring Data repository scanning in 38 ms. Found 0 Redis repository interfaces.
2022-11-23 07:52:45.108  INFO 14484 --- [main] trationDelegate$BeanPostProcessorChecker : Bean 'org.springframework.boot.autoconfigure.jdbc.DataSourceConfiguration$Generic' of type [org.springframework.boot.autoconfigure.jdbc.DataSourceConfiguration$Generic] is not eligible for getting processed by all BeanPostProcessors (for example: not eligible for auto-proxying)
2022-11-23 07:52:45.170  INFO 14484 --- [main] trationDelegate$BeanPostProcessorChecker : Bean 'spring.datasource-org.springframework.boot.autoconfigure.jdbc.DataSourceProperties' of type [org.springframework.boot.autoconfigure.jdbc.DataSourceProperties] is not eligible for getting processed by all BeanPostProcessors (for example: not eligible for auto-proxying)
2022-11-23 07:52:45.235  INFO 14484 --- [main] trationDelegate$BeanPostProcessorChecker : Bean 'dataSource' of type [com.alibaba.druid.pool.DruidDataSource] is not eligible for getting processed by all BeanPostProcessors (for example: not eligible for auto-proxying)
2022-11-23 07:52:45.255  INFO 14484 --- [main] trationDelegate$BeanPostProcessorChecker : Bean 'txAnoConfig' of type [com.raj.config.TxAnoConfig$$EnhancerBySpringCGLIB$$9574406b] is not eligible for getting processed by all BeanPostProcessors (for example: not eligible for auto-proxying)
2022-11-23 07:52:45.292  INFO 14484 --- [main] trationDelegate$BeanPostProcessorChecker : Bean 'txManger' of type [org.springframework.jdbc.datasource.DataSourceTransactionManager] is not eligible for getting processed by all BeanPostProcessors (for example: not eligible for auto-proxying)
2022-11-23 07:52:45.297  INFO 14484 --- [main] com.raj.config.TxAnoConfig               : 加载事务拦截器
2022-11-23 07:52:45.298  INFO 14484 --- [main] trationDelegate$BeanPostProcessorChecker : Bean 'txAdvice' of type [org.springframework.transaction.interceptor.TransactionInterceptor] is not eligible for getting processed by all BeanPostProcessors (for example: not eligible for auto-proxying)
2022-11-23 07:52:45.305  INFO 14484 --- [main] com.raj.config.TxAnoConfig               : 加载切面拦截规则
2022-11-23 07:52:45.312  INFO 14484 --- [main] trationDelegate$BeanPostProcessorChecker : Bean 'defaultPointcutAdvisor' of type [org.springframework.aop.support.DefaultPointcutAdvisor] is not eligible for getting processed by all BeanPostProcessors (for example: not eligible for auto-proxying)
