2022-11-21 18:19:26.365  INFO 8980 --- [main] com.raj.backend.mapper.EmployMapperTest  : Starting EmployMapperTest using Java 1.8.0_351 on DESKTOP-KV8ES4J with PID 8980 (started by RainGrd in D:\materials\raj\raj-entrance)
2022-11-21 18:19:26.367  INFO 8980 --- [main] com.raj.backend.mapper.EmployMapperTest  : The following 6 profiles are active: "common", "entity", "dao", "service", "web", "entrance"
2022-11-21 18:19:27.137  INFO 8980 --- [main] .s.d.r.c.RepositoryConfigurationDelegate : Multiple Spring Data modules found, entering strict repository configuration mode
2022-11-21 18:19:27.140  INFO 8980 --- [main] .s.d.r.c.RepositoryConfigurationDelegate : Bootstrapping Spring Data Redis repositories in DEFAULT mode.
2022-11-21 18:19:27.178  INFO 8980 --- [main] .s.d.r.c.RepositoryConfigurationDelegate : Finished Spring Data repository scanning in 23 ms. Found 0 Redis repository interfaces.
2022-11-21 18:19:27.775  INFO 8980 --- [main] trationDelegate$BeanPostProcessorChecker : Bean 'org.springframework.boot.autoconfigure.jdbc.DataSourceConfiguration$Generic' of type [org.springframework.boot.autoconfigure.jdbc.DataSourceConfiguration$Generic] is not eligible for getting processed by all BeanPostProcessors (for example: not eligible for auto-proxying)
2022-11-21 18:19:27.870  INFO 8980 --- [main] trationDelegate$BeanPostProcessorChecker : Bean 'spring.datasource-org.springframework.boot.autoconfigure.jdbc.DataSourceProperties' of type [org.springframework.boot.autoconfigure.jdbc.DataSourceProperties] is not eligible for getting processed by all BeanPostProcessors (for example: not eligible for auto-proxying)
2022-11-21 18:19:27.918  INFO 8980 --- [main] trationDelegate$BeanPostProcessorChecker : Bean 'dataSource' of type [com.alibaba.druid.pool.DruidDataSource] is not eligible for getting processed by all BeanPostProcessors (for example: not eligible for auto-proxying)
2022-11-21 18:19:27.937  INFO 8980 --- [main] trationDelegate$BeanPostProcessorChecker : Bean 'txAnoConfig' of type [com.raj.config.TxAnoConfig$$EnhancerBySpringCGLIB$$e5274e2c] is not eligible for getting processed by all BeanPostProcessors (for example: not eligible for auto-proxying)
2022-11-21 18:19:27.957  INFO 8980 --- [main] trationDelegate$BeanPostProcessorChecker : Bean 'txManger' of type [org.springframework.jdbc.datasource.DataSourceTransactionManager] is not eligible for getting processed by all BeanPostProcessors (for example: not eligible for auto-proxying)
2022-11-21 18:19:27.960  INFO 8980 --- [main] com.raj.config.TxAnoConfig               : 加载事务拦截器
2022-11-21 18:19:27.961  INFO 8980 --- [main] trationDelegate$BeanPostProcessorChecker : Bean 'txAdvice' of type [org.springframework.transaction.interceptor.TransactionInterceptor] is not eligible for getting processed by all BeanPostProcessors (for example: not eligible for auto-proxying)
2022-11-21 18:19:27.966  INFO 8980 --- [main] com.raj.config.TxAnoConfig               : 加载切面拦截规则
2022-11-21 18:19:27.971  INFO 8980 --- [main] trationDelegate$BeanPostProcessorChecker : Bean 'defaultPointcutAdvisor' of type [org.springframework.aop.support.DefaultPointcutAdvisor] is not eligible for getting processed by all BeanPostProcessors (for example: not eligible for auto-proxying)
2022-11-21 18:19:30.033  INFO 8980 --- [main] com.raj.config.RedisConfig               : 加载Redis缓存管理器...
2022-11-21 18:19:30.628  INFO 8980 --- [main] com.raj.config.MvcConfig                 : 加载消息转换器...
2022-11-21 18:19:30.863  INFO 8980 --- [main] com.raj.config.MvcConfig                 : 放行路径:[/backend/api/**, /backend/images/**, /backend/js/**, /backend/plugins/**, /backend/styles/**, /backend/favicon.ico, /backend/login/**, /common/**, /backend/page/**, /favicon.ico, /backend/index.html, /front/**]
2022-11-21 18:19:31.733  INFO 8980 --- [main] com.raj.backend.mapper.EmployMapperTest  : Started EmployMapperTest in 5.79 seconds (JVM running for 6.88)
2022-11-21 18:19:32.248  INFO 8980 --- [main] com.raj.config.MybatisPlusFillHandler    : start insert fill ...
2022-11-21 18:19:32.249  INFO 8980 --- [main] com.raj.config.MybatisPlusFillHandler    : 获取线程的员工对象:null
2022-11-21 18:19:32.447  INFO 8980 --- [main] com.alibaba.druid.pool.DruidDataSource   : {dataSource-1} inited
