2022-11-21 20:27:34.593  INFO 21416 --- [main] .s.d.r.c.RepositoryConfigurationDelegate : Multiple Spring Data modules found, entering strict repository configuration mode
2022-11-21 20:27:34.605  INFO 21416 --- [main] .s.d.r.c.RepositoryConfigurationDelegate : Bootstrapping Spring Data Redis repositories in DEFAULT mode.
2022-11-21 20:27:34.686  INFO 21416 --- [main] .s.d.r.c.RepositoryConfigurationDelegate : Finished Spring Data repository scanning in 58 ms. Found 0 Redis repository interfaces.
2022-11-21 20:27:35.549  INFO 21416 --- [main] trationDelegate$BeanPostProcessorChecker : Bean 'org.springframework.boot.autoconfigure.jdbc.DataSourceConfiguration$Generic' of type [org.springframework.boot.autoconfigure.jdbc.DataSourceConfiguration$Generic] is not eligible for getting processed by all BeanPostProcessors (for example: not eligible for auto-proxying)
2022-11-21 20:27:35.582  INFO 21416 --- [main] trationDelegate$BeanPostProcessorChecker : Bean 'spring.datasource-org.springframework.boot.autoconfigure.jdbc.DataSourceProperties' of type [org.springframework.boot.autoconfigure.jdbc.DataSourceProperties] is not eligible for getting processed by all BeanPostProcessors (for example: not eligible for auto-proxying)
2022-11-21 20:27:35.642  INFO 21416 --- [main] trationDelegate$BeanPostProcessorChecker : Bean 'dataSource' of type [com.alibaba.druid.pool.DruidDataSource] is not eligible for getting processed by all BeanPostProcessors (for example: not eligible for auto-proxying)
2022-11-21 20:27:35.664  INFO 21416 --- [main] trationDelegate$BeanPostProcessorChecker : Bean 'txAnoConfig' of type [com.raj.config.TxAnoConfig$$EnhancerBySpringCGLIB$$5ff68334] is not eligible for getting processed by all BeanPostProcessors (for example: not eligible for auto-proxying)
2022-11-21 20:27:35.692  INFO 21416 --- [main] trationDelegate$BeanPostProcessorChecker : Bean 'txManger' of type [org.springframework.jdbc.datasource.DataSourceTransactionManager] is not eligible for getting processed by all BeanPostProcessors (for example: not eligible for auto-proxying)
2022-11-21 20:27:35.694  INFO 21416 --- [main] com.raj.config.TxAnoConfig               : 加载事务拦截器
2022-11-21 20:27:35.695  INFO 21416 --- [main] trationDelegate$BeanPostProcessorChecker : Bean 'txAdvice' of type [org.springframework.transaction.interceptor.TransactionInterceptor] is not eligible for getting processed by all BeanPostProcessors (for example: not eligible for auto-proxying)
2022-11-21 20:27:35.702  INFO 21416 --- [main] com.raj.config.TxAnoConfig               : 加载切面拦截规则
2022-11-21 20:27:35.709  INFO 21416 --- [main] trationDelegate$BeanPostProcessorChecker : Bean 'defaultPointcutAdvisor' of type [org.springframework.aop.support.DefaultPointcutAdvisor] is not eligible for getting processed by all BeanPostProcessors (for example: not eligible for auto-proxying)
2022-11-21 20:27:38.158  INFO 21416 --- [main] com.raj.config.RedisConfig               : 加载Redis缓存管理器...
2022-11-21 20:27:38.732  INFO 21416 --- [main] com.raj.config.MvcConfig                 : 加载消息转换器...
2022-11-21 20:27:38.923  INFO 21416 --- [main] com.raj.config.MvcConfig                 : 放行路径:[/backend/api/**, /backend/images/**, /backend/js/**, /backend/plugins/**, /backend/styles/**, /backend/favicon.ico, /backend/login/**, /common/**, /backend/page/**, /favicon.ico, /backend/index.html, /front/**]
2022-11-21 20:27:39.620  INFO 21416 --- [main] com.raj.front.service.UserServiceTest    : Started UserServiceTest in 6.504 seconds (JVM running for 7.894)
2022-11-21 20:27:40.035  INFO 21416 --- [main] c.r.front.service.impl.UserServiceImpl   : 发件人:3408396469@qq.com
2022-11-21 20:27:45.435  INFO 21416 --- [SpringApplicationShutdownHook] com.alibaba.druid.pool.DruidDataSource   : {dataSource-0} closing ...
2022-11-21 20:29:02.967  INFO 21036 --- [main] com.raj.front.service.UserServiceTest    : Starting UserServiceTest using Java 1.8.0_351 on DESKTOP-KV8ES4J with PID 21036 (started by RainGrd in D:\materials\raj\raj-entrance)
2022-11-21 20:29:02.968  INFO 21036 --- [main] com.raj.front.service.UserServiceTest    : The following 6 profiles are active: "common", "entity", "dao", "service", "web", "entrance"
