2022-11-22 10:58:46.114  INFO 18200 --- [main] com.raj.front.service.UserServiceTest    : Started UserServiceTest in 6.326 seconds (JVM running for 7.825)
2022-11-22 10:58:46.535  INFO 18200 --- [main] c.r.front.service.impl.UserServiceImpl   : 收件人:duanronggui1224@163.com
2022-11-22 10:58:46.536  INFO 18200 --- [main] c.r.front.service.impl.UserServiceImpl   : 验证码-------------------------------:94b2af
2022-11-22 10:59:17.988  INFO 18200 --- [SpringApplicationShutdownHook] com.alibaba.druid.pool.DruidDataSource   : {dataSource-0} closing ...
2022-11-22 11:01:29.183  INFO 6736 --- [main] com.raj.front.service.UserServiceTest    : Starting UserServiceTest using Java 1.8.0_351 on DESKTOP-KV8ES4J with PID 6736 (started by RainGrd in D:\materials\raj\raj-entrance)
2022-11-22 11:01:29.184  INFO 6736 --- [main] com.raj.front.service.UserServiceTest    : The following 6 profiles are active: "common", "entity", "dao", "service", "web", "entrance"
2022-11-22 11:01:30.060  INFO 6736 --- [main] .s.d.r.c.RepositoryConfigurationDelegate : Multiple Spring Data modules found, entering strict repository configuration mode
2022-11-22 11:01:30.063  INFO 6736 --- [main] .s.d.r.c.RepositoryConfigurationDelegate : Bootstrapping Spring Data Redis repositories in DEFAULT mode.
2022-11-22 11:01:30.114  INFO 6736 --- [main] .s.d.r.c.RepositoryConfigurationDelegate : Finished Spring Data repository scanning in 35 ms. Found 0 Redis repository interfaces.
2022-11-22 11:01:30.796  INFO 6736 --- [main] trationDelegate$BeanPostProcessorChecker : Bean 'org.springframework.boot.autoconfigure.jdbc.DataSourceConfiguration$Generic' of type [org.springframework.boot.autoconfigure.jdbc.DataSourceConfiguration$Generic] is not eligible for getting processed by all BeanPostProcessors (for example: not eligible for auto-proxying)
2022-11-22 11:01:30.859  INFO 6736 --- [main] trationDelegate$BeanPostProcessorChecker : Bean 'spring.datasource-org.springframework.boot.autoconfigure.jdbc.DataSourceProperties' of type [org.springframework.boot.autoconfigure.jdbc.DataSourceProperties] is not eligible for getting processed by all BeanPostProcessors (for example: not eligible for auto-proxying)
2022-11-22 11:01:30.918  INFO 6736 --- [main] trationDelegate$BeanPostProcessorChecker : Bean 'dataSource' of type [com.alibaba.druid.pool.DruidDataSource] is not eligible for getting processed by all BeanPostProcessors (for example: not eligible for auto-proxying)
2022-11-22 11:01:30.936  INFO 6736 --- [main] trationDelegate$BeanPostProcessorChecker : Bean 'txAnoConfig' of type [com.raj.config.TxAnoConfig$$EnhancerBySpringCGLIB$$f02e9d89] is not eligible for getting processed by all BeanPostProcessors (for example: not eligible for auto-proxying)
2022-11-22 11:01:30.961  INFO 6736 --- [main] trationDelegate$BeanPostProcessorChecker : Bean 'txManger' of type [org.springframework.jdbc.datasource.DataSourceTransactionManager] is not eligible for getting processed by all BeanPostProcessors (for example: not eligible for auto-proxying)
2022-11-22 11:01:30.964  INFO 6736 --- [main] com.raj.config.TxAnoConfig               : 加载事务拦截器
2022-11-22 11:01:30.966  INFO 6736 --- [main] trationDelegate$BeanPostProcessorChecker : Bean 'txAdvice' of type [org.springframework.transaction.interceptor.TransactionInterceptor] is not eligible for getting processed by all BeanPostProcessors (for example: not eligible for auto-proxying)
2022-11-22 11:01:30.971  INFO 6736 --- [main] com.raj.config.TxAnoConfig               : 加载切面拦截规则
2022-11-22 11:01:30.977  INFO 6736 --- [main] trationDelegate$BeanPostProcessorChecker : Bean 'defaultPointcutAdvisor' of type [org.springframework.aop.support.DefaultPointcutAdvisor] is not eligible for getting processed by all BeanPostProcessors (for example: not eligible for auto-proxying)
2022-11-22 11:01:33.625  INFO 6736 --- [main] com.raj.config.RedisConfig               : 加载Redis缓存管理器...
2022-11-22 11:01:34.162  INFO 6736 --- [main] com.raj.config.MvcConfig                 : 加载消息转换器...
2022-11-22 11:01:34.359  INFO 6736 --- [main] com.raj.config.MvcConfig                 : 放行路径:[/backend/api/**, /backend/images/**, /backend/js/**, /backend/plugins/**, /backend/styles/**, /backend/favicon.ico, /backend/login/**, /common/**, /backend/page/**, /favicon.ico, /backend/index.html, /front/**]
