2022-11-22 20:15:43.572  INFO 17088 --- [main] trationDelegate$BeanPostProcessorChecker : Bean 'txAdvice' of type [org.springframework.transaction.interceptor.TransactionInterceptor] is not eligible for getting processed by all BeanPostProcessors (for example: not eligible for auto-proxying)
2022-11-22 20:15:43.586  INFO 17088 --- [main] com.raj.config.TxAnoConfig               : 加载切面拦截规则
2022-11-22 20:15:43.598  INFO 17088 --- [main] trationDelegate$BeanPostProcessorChecker : Bean 'defaultPointcutAdvisor' of type [org.springframework.aop.support.DefaultPointcutAdvisor] is not eligible for getting processed by all BeanPostProcessors (for example: not eligible for auto-proxying)
2022-11-22 20:15:46.079  INFO 17088 --- [main] com.raj.config.RedisConfig               : 加载Redis缓存管理器...
2022-11-22 20:15:46.678  INFO 17088 --- [main] com.raj.config.MvcConfig                 : 加载消息转换器...
2022-11-22 20:15:46.906  INFO 17088 --- [main] com.raj.config.MvcConfig                 : 放行路径:[/backend/api/**, /backend/images/**, /backend/js/**, /backend/plugins/**, /backend/styles/**, /backend/favicon.ico, /backend/login/**, /common/**, /backend/page/**, /favicon.ico, /backend/index.html, /front/page/**, /front/api/**, /front/images/**, /front/js/**, /front/fonts/**, /front/styles/**, /front/favicon.ico, /front/login/**, /front/index.html]
2022-11-22 20:15:47.990  INFO 17088 --- [main] com.raj.front.service.UserServiceTest    : Started UserServiceTest in 6.854 seconds (JVM running for 8.424)
2022-11-22 20:15:48.439  INFO 17088 --- [main] c.r.front.service.impl.UserServiceImpl   : 验证码-------------------------------:e7b4bb
2022-11-22 20:15:49.780  INFO 17088 --- [main] c.r.front.service.impl.UserServiceImpl   : 封装好的邮箱实体对象:EmailModel(sendTo=duanronggui1224@163.com, title=邮箱登录验证码, text=<h1>尊敬的客户您好！</h1><p>你的验证码为e7b4bb</p>, filePath=null)
2022-11-22 20:15:49.826  INFO 17088 --- [main] com.raj.utils.EmailUtils                 : 发件人,3403896469@qq.com
2022-11-22 20:15:49.827  INFO 17088 --- [main] com.raj.utils.EmailUtils                 : 收件人:duanronggui1224@163.com
2022-11-22 20:15:49.828  INFO 17088 --- [main] com.raj.utils.EmailUtils                 : 邮件标题,邮箱登录验证码
2022-11-22 20:15:49.828  INFO 17088 --- [main] com.raj.utils.EmailUtils                 : 邮件内容,<h1>尊敬的客户您好！</h1><p>你的验证码为e7b4bb</p>
2022-11-22 20:15:55.052 ERROR 17088 --- [main] com.raj.utils.EmailUtils                 : Authentication failed; nested exception is javax.mail.AuthenticationFailedException: 535 Login Fail. Please enter your authorization code to login. More information in http://service.mail.qq.com/cgi-bin/help?subtype=1&&id=28&&no=1001256

2022-11-22 20:15:55.205  INFO 17088 --- [SpringApplicationShutdownHook] com.alibaba.druid.pool.DruidDataSource   : {dataSource-0} closing ...
2022-11-22 20:19:11.529  INFO 16836 --- [main] com.raj.front.service.UserServiceTest    : Starting UserServiceTest using Java 1.8.0_351 on DESKTOP-KV8ES4J with PID 16836 (started by RainGrd in D:\materials\raj\raj-entrance)
2022-11-22 20:19:11.532  INFO 16836 --- [main] com.raj.front.service.UserServiceTest    : The following 6 profiles are active: "common", "entity", "dao", "service", "web", "entrance"
2022-11-22 20:19:12.674  INFO 16836 --- [main] .s.d.r.c.RepositoryConfigurationDelegate : Multiple Spring Data modules found, entering strict repository configuration mode
2022-11-22 20:19:12.678  INFO 16836 --- [main] .s.d.r.c.RepositoryConfigurationDelegate : Bootstrapping Spring Data Redis repositories in DEFAULT mode.
2022-11-22 20:19:12.735  INFO 16836 --- [main] .s.d.r.c.RepositoryConfigurationDelegate : Finished Spring Data repository scanning in 40 ms. Found 0 Redis repository interfaces.
2022-11-22 20:19:13.410  INFO 16836 --- [main] trationDelegate$BeanPostProcessorChecker : Bean 'org.springframework.boot.autoconfigure.jdbc.DataSourceConfiguration$Generic' of type [org.springframework.boot.autoconfigure.jdbc.DataSourceConfiguration$Generic] is not eligible for getting processed by all BeanPostProcessors (for example: not eligible for auto-proxying)
