2022-11-22 14:51:23.430  INFO 8864 --- [main] com.raj.config.RedisConfig               : 加载Redis缓存管理器...
2022-11-22 14:51:24.021  INFO 8864 --- [main] com.raj.config.MvcConfig                 : 加载消息转换器...
2022-11-22 14:51:24.235  INFO 8864 --- [main] com.raj.config.MvcConfig                 : 放行路径:[/backend/api/**, /backend/images/**, /backend/js/**, /backend/plugins/**, /backend/styles/**, /backend/favicon.ico, /backend/login/**, /common/**, /backend/page/**, /favicon.ico, /backend/index.html, /front/**]
2022-11-22 14:51:24.981  INFO 8864 --- [main] com.raj.front.service.UserServiceTest    : Started UserServiceTest in 6.224 seconds (JVM running for 7.738)
2022-11-22 14:51:26.676  INFO 8864 --- [main] c.r.front.service.impl.UserServiceImpl   : Redis中验证码:null
2022-11-22 14:51:26.823  INFO 8864 --- [SpringApplicationShutdownHook] com.alibaba.druid.pool.DruidDataSource   : {dataSource-0} closing ...
2022-11-22 14:56:50.541  INFO 20156 --- [main] com.raj.front.service.UserServiceTest    : Starting UserServiceTest using Java 1.8.0_351 on DESKTOP-KV8ES4J with PID 20156 (started by RainGrd in D:\materials\raj\raj-entrance)
2022-11-22 14:56:50.543  INFO 20156 --- [main] com.raj.front.service.UserServiceTest    : The following 6 profiles are active: "common", "entity", "dao", "service", "web", "entrance"
2022-11-22 14:56:51.449  INFO 20156 --- [main] .s.d.r.c.RepositoryConfigurationDelegate : Multiple Spring Data modules found, entering strict repository configuration mode
2022-11-22 14:56:51.453  INFO 20156 --- [main] .s.d.r.c.RepositoryConfigurationDelegate : Bootstrapping Spring Data Redis repositories in DEFAULT mode.
2022-11-22 14:56:51.500  INFO 20156 --- [main] .s.d.r.c.RepositoryConfigurationDelegate : Finished Spring Data repository scanning in 29 ms. Found 0 Redis repository interfaces.
2022-11-22 14:56:52.164  INFO 20156 --- [main] trationDelegate$BeanPostProcessorChecker : Bean 'org.springframework.boot.autoconfigure.jdbc.DataSourceConfiguration$Generic' of type [org.springframework.boot.autoconfigure.jdbc.DataSourceConfiguration$Generic] is not eligible for getting processed by all BeanPostProcessors (for example: not eligible for auto-proxying)
2022-11-22 14:56:52.197  INFO 20156 --- [main] trationDelegate$BeanPostProcessorChecker : Bean 'spring.datasource-org.springframework.boot.autoconfigure.jdbc.DataSourceProperties' of type [org.springframework.boot.autoconfigure.jdbc.DataSourceProperties] is not eligible for getting processed by all BeanPostProcessors (for example: not eligible for auto-proxying)
2022-11-22 14:56:52.320  INFO 20156 --- [main] trationDelegate$BeanPostProcessorChecker : Bean 'dataSource' of type [com.alibaba.druid.pool.DruidDataSource] is not eligible for getting processed by all BeanPostProcessors (for example: not eligible for auto-proxying)
2022-11-22 14:56:52.339  INFO 20156 --- [main] trationDelegate$BeanPostProcessorChecker : Bean 'txAnoConfig' of type [com.raj.config.TxAnoConfig$$EnhancerBySpringCGLIB$$5771ee2b] is not eligible for getting processed by all BeanPostProcessors (for example: not eligible for auto-proxying)
2022-11-22 14:56:52.365  INFO 20156 --- [main] trationDelegate$BeanPostProcessorChecker : Bean 'txManger' of type [org.springframework.jdbc.datasource.DataSourceTransactionManager] is not eligible for getting processed by all BeanPostProcessors (for example: not eligible for auto-proxying)
2022-11-22 14:56:52.370  INFO 20156 --- [main] com.raj.config.TxAnoConfig               : 加载事务拦截器
2022-11-22 14:56:52.370  INFO 20156 --- [main] trationDelegate$BeanPostProcessorChecker : Bean 'txAdvice' of type [org.springframework.transaction.interceptor.TransactionInterceptor] is not eligible for getting processed by all BeanPostProcessors (for example: not eligible for auto-proxying)
2022-11-22 14:56:52.376  INFO 20156 --- [main] com.raj.config.TxAnoConfig               : 加载切面拦截规则
2022-11-22 14:56:52.384  INFO 20156 --- [main] trationDelegate$BeanPostProcessorChecker : Bean 'defaultPointcutAdvisor' of type [org.springframework.aop.support.DefaultPointcutAdvisor] is not eligible for getting processed by all BeanPostProcessors (for example: not eligible for auto-proxying)
