2022-11-23 12:31:20.599  INFO 20224 --- [main] com.raj.front.service.UserServiceTest    : Started UserServiceTest in 6.337 seconds (JVM running for 7.712)
2022-11-23 12:31:21.067  INFO 20224 --- [main] c.r.front.service.impl.UserServiceImpl   : 验证码-------------------------------:638330
2022-11-23 12:31:22.527  INFO 20224 --- [main] c.r.front.service.impl.UserServiceImpl   : 封装好的邮箱实体对象:EmailModel(sendTo=duanronggui1224@163.com, title=邮箱登录验证码, text=638330, filePath=null)
2022-11-23 12:31:22.572  INFO 20224 --- [main] com.raj.utils.EmailUtils                 : 发件人:3408396469@qq.com
2022-11-23 12:31:22.573  INFO 20224 --- [main] com.raj.utils.EmailUtils                 : 收件人:duanronggui1224@163.com
2022-11-23 12:31:22.577  INFO 20224 --- [main] com.raj.utils.EmailUtils                 : 邮件标题:邮箱登录验证码
2022-11-23 12:31:22.578  INFO 20224 --- [main] com.raj.utils.EmailUtils                 : 邮件内容:638330
2022-11-23 12:31:33.550  INFO 20224 --- [main] com.raj.utils.EmailUtils                 : 邮件已经发送成功
2022-11-23 12:31:33.796  INFO 20224 --- [SpringApplicationShutdownHook] com.alibaba.druid.pool.DruidDataSource   : {dataSource-0} closing ...
2022-11-23 12:35:23.725  INFO 19520 --- [main] com.raj.front.service.UserServiceTest    : Starting UserServiceTest using Java 1.8.0_351 on DESKTOP-KV8ES4J with PID 19520 (started by RainGrd in D:\materials\raj\raj-entrance)
2022-11-23 12:35:23.728  INFO 19520 --- [main] com.raj.front.service.UserServiceTest    : The following 6 profiles are active: "common", "entity", "dao", "service", "web", "entrance"
2022-11-23 12:35:24.691  INFO 19520 --- [main] .s.d.r.c.RepositoryConfigurationDelegate : Multiple Spring Data modules found, entering strict repository configuration mode
2022-11-23 12:35:24.694  INFO 19520 --- [main] .s.d.r.c.RepositoryConfigurationDelegate : Bootstrapping Spring Data Redis repositories in DEFAULT mode.
2022-11-23 12:35:24.744  INFO 19520 --- [main] .s.d.r.c.RepositoryConfigurationDelegate : Finished Spring Data repository scanning in 31 ms. Found 0 Redis repository interfaces.
2022-11-23 12:35:25.391  INFO 19520 --- [main] trationDelegate$BeanPostProcessorChecker : Bean 'org.springframework.boot.autoconfigure.jdbc.DataSourceConfiguration$Generic' of type [org.springframework.boot.autoconfigure.jdbc.DataSourceConfiguration$Generic] is not eligible for getting processed by all BeanPostProcessors (for example: not eligible for auto-proxying)
2022-11-23 12:35:25.422  INFO 19520 --- [main] trationDelegate$BeanPostProcessorChecker : Bean 'spring.datasource-org.springframework.boot.autoconfigure.jdbc.DataSourceProperties' of type [org.springframework.boot.autoconfigure.jdbc.DataSourceProperties] is not eligible for getting processed by all BeanPostProcessors (for example: not eligible for auto-proxying)
2022-11-23 12:35:25.540  INFO 19520 --- [main] trationDelegate$BeanPostProcessorChecker : Bean 'dataSource' of type [com.alibaba.druid.pool.DruidDataSource] is not eligible for getting processed by all BeanPostProcessors (for example: not eligible for auto-proxying)
2022-11-23 12:35:25.560  INFO 19520 --- [main] trationDelegate$BeanPostProcessorChecker : Bean 'txAnoConfig' of type [com.raj.config.TxAnoConfig$$EnhancerBySpringCGLIB$$d4b0d0e8] is not eligible for getting processed by all BeanPostProcessors (for example: not eligible for auto-proxying)
2022-11-23 12:35:25.588  INFO 19520 --- [main] trationDelegate$BeanPostProcessorChecker : Bean 'txManger' of type [org.springframework.jdbc.datasource.DataSourceTransactionManager] is not eligible for getting processed by all BeanPostProcessors (for example: not eligible for auto-proxying)
2022-11-23 12:35:25.592  INFO 19520 --- [main] com.raj.config.TxAnoConfig               : 加载事务拦截器
2022-11-23 12:35:25.593  INFO 19520 --- [main] trationDelegate$BeanPostProcessorChecker : Bean 'txAdvice' of type [org.springframework.transaction.interceptor.TransactionInterceptor] is not eligible for getting processed by all BeanPostProcessors (for example: not eligible for auto-proxying)
2022-11-23 12:35:25.599  INFO 19520 --- [main] com.raj.config.TxAnoConfig               : 加载切面拦截规则
2022-11-23 12:35:25.605  INFO 19520 --- [main] trationDelegate$BeanPostProcessorChecker : Bean 'defaultPointcutAdvisor' of type [org.springframework.aop.support.DefaultPointcutAdvisor] is not eligible for getting processed by all BeanPostProcessors (for example: not eligible for auto-proxying)
