2022-11-22 08:48:22.277  INFO 5740 --- [main] com.raj.front.service.UserServiceTest    : Started UserServiceTest in 5.699 seconds (JVM running for 7.167)
2022-11-22 08:48:22.694  INFO 5740 --- [main] c.r.front.service.impl.UserServiceImpl   : 发件人:null
2022-11-22 08:48:22.695  INFO 5740 --- [main] c.r.front.service.impl.UserServiceImpl   : mimeMessage,org.springframework.mail.javamail.SmartMimeMessage@c4551c6
2022-11-22 08:48:23.069  INFO 5740 --- [SpringApplicationShutdownHook] com.alibaba.druid.pool.DruidDataSource   : {dataSource-0} closing ...
2022-11-22 08:55:59.391  INFO 17368 --- [main] com.raj.front.service.UserServiceTest    : Starting UserServiceTest using Java 1.8.0_351 on DESKTOP-KV8ES4J with PID 17368 (started by RainGrd in D:\materials\raj\raj-entrance)
2022-11-22 08:55:59.392  INFO 17368 --- [main] com.raj.front.service.UserServiceTest    : The following 6 profiles are active: "common", "entity", "dao", "service", "web", "entrance"
2022-11-22 08:56:00.283  INFO 17368 --- [main] .s.d.r.c.RepositoryConfigurationDelegate : Multiple Spring Data modules found, entering strict repository configuration mode
2022-11-22 08:56:00.286  INFO 17368 --- [main] .s.d.r.c.RepositoryConfigurationDelegate : Bootstrapping Spring Data Redis repositories in DEFAULT mode.
2022-11-22 08:56:00.343  INFO 17368 --- [main] .s.d.r.c.RepositoryConfigurationDelegate : Finished Spring Data repository scanning in 34 ms. Found 0 Redis repository interfaces.
2022-11-22 08:56:00.988  INFO 17368 --- [main] trationDelegate$BeanPostProcessorChecker : Bean 'org.springframework.boot.autoconfigure.jdbc.DataSourceConfiguration$Generic' of type [org.springframework.boot.autoconfigure.jdbc.DataSourceConfiguration$Generic] is not eligible for getting processed by all BeanPostProcessors (for example: not eligible for auto-proxying)
2022-11-22 08:56:01.051  INFO 17368 --- [main] trationDelegate$BeanPostProcessorChecker : Bean 'spring.datasource-org.springframework.boot.autoconfigure.jdbc.DataSourceProperties' of type [org.springframework.boot.autoconfigure.jdbc.DataSourceProperties] is not eligible for getting processed by all BeanPostProcessors (for example: not eligible for auto-proxying)
2022-11-22 08:56:01.107  INFO 17368 --- [main] trationDelegate$BeanPostProcessorChecker : Bean 'dataSource' of type [com.alibaba.druid.pool.DruidDataSource] is not eligible for getting processed by all BeanPostProcessors (for example: not eligible for auto-proxying)
2022-11-22 08:56:01.127  INFO 17368 --- [main] trationDelegate$BeanPostProcessorChecker : Bean 'txAnoConfig' of type [com.raj.config.TxAnoConfig$$EnhancerBySpringCGLIB$$1841b49e] is not eligible for getting processed by all BeanPostProcessors (for example: not eligible for auto-proxying)
2022-11-22 08:56:01.151  INFO 17368 --- [main] trationDelegate$BeanPostProcessorChecker : Bean 'txManger' of type [org.springframework.jdbc.datasource.DataSourceTransactionManager] is not eligible for getting processed by all BeanPostProcessors (for example: not eligible for auto-proxying)
2022-11-22 08:56:01.154  INFO 17368 --- [main] com.raj.config.TxAnoConfig               : 加载事务拦截器
2022-11-22 08:56:01.155  INFO 17368 --- [main] trationDelegate$BeanPostProcessorChecker : Bean 'txAdvice' of type [org.springframework.transaction.interceptor.TransactionInterceptor] is not eligible for getting processed by all BeanPostProcessors (for example: not eligible for auto-proxying)
2022-11-22 08:56:01.162  INFO 17368 --- [main] com.raj.config.TxAnoConfig               : 加载切面拦截规则
2022-11-22 08:56:01.168  INFO 17368 --- [main] trationDelegate$BeanPostProcessorChecker : Bean 'defaultPointcutAdvisor' of type [org.springframework.aop.support.DefaultPointcutAdvisor] is not eligible for getting processed by all BeanPostProcessors (for example: not eligible for auto-proxying)
2022-11-22 08:56:03.661  INFO 17368 --- [main] com.raj.config.RedisConfig               : 加载Redis缓存管理器...
2022-11-22 08:56:04.264  INFO 17368 --- [main] com.raj.config.MvcConfig                 : 加载消息转换器...
2022-11-22 08:56:04.429  INFO 17368 --- [main] com.raj.config.MvcConfig                 : 放行路径:[/backend/api/**, /backend/images/**, /backend/js/**, /backend/plugins/**, /backend/styles/**, /backend/favicon.ico, /backend/login/**, /common/**, /backend/page/**, /favicon.ico, /backend/index.html, /front/**]
