2022-11-21 20:25:25.629  INFO 12080 --- [main] .s.d.r.c.RepositoryConfigurationDelegate : Multiple Spring Data modules found, entering strict repository configuration mode
2022-11-21 20:25:25.637  INFO 12080 --- [main] .s.d.r.c.RepositoryConfigurationDelegate : Bootstrapping Spring Data Redis repositories in DEFAULT mode.
2022-11-21 20:25:25.683  INFO 12080 --- [main] .s.d.r.c.RepositoryConfigurationDelegate : Finished Spring Data repository scanning in 30 ms. Found 0 Redis repository interfaces.
2022-11-21 20:25:26.335  INFO 12080 --- [main] trationDelegate$BeanPostProcessorChecker : Bean 'org.springframework.boot.autoconfigure.jdbc.DataSourceConfiguration$Generic' of type [org.springframework.boot.autoconfigure.jdbc.DataSourceConfiguration$Generic] is not eligible for getting processed by all BeanPostProcessors (for example: not eligible for auto-proxying)
2022-11-21 20:25:26.367  INFO 12080 --- [main] trationDelegate$BeanPostProcessorChecker : Bean 'spring.datasource-org.springframework.boot.autoconfigure.jdbc.DataSourceProperties' of type [org.springframework.boot.autoconfigure.jdbc.DataSourceProperties] is not eligible for getting processed by all BeanPostProcessors (for example: not eligible for auto-proxying)
2022-11-21 20:25:26.421  INFO 12080 --- [main] trationDelegate$BeanPostProcessorChecker : Bean 'dataSource' of type [com.alibaba.druid.pool.DruidDataSource] is not eligible for getting processed by all BeanPostProcessors (for example: not eligible for auto-proxying)
2022-11-21 20:25:26.441  INFO 12080 --- [main] trationDelegate$BeanPostProcessorChecker : Bean 'txAnoConfig' of type [com.raj.config.TxAnoConfig$$EnhancerBySpringCGLIB$$5b1eacfd] is not eligible for getting processed by all BeanPostProcessors (for example: not eligible for auto-proxying)
2022-11-21 20:25:26.468  INFO 12080 --- [main] trationDelegate$BeanPostProcessorChecker : Bean 'txManger' of type [org.springframework.jdbc.datasource.DataSourceTransactionManager] is not eligible for getting processed by all BeanPostProcessors (for example: not eligible for auto-proxying)
2022-11-21 20:25:26.471  INFO 12080 --- [main] com.raj.config.TxAnoConfig               : 加载事务拦截器
2022-11-21 20:25:26.472  INFO 12080 --- [main] trationDelegate$BeanPostProcessorChecker : Bean 'txAdvice' of type [org.springframework.transaction.interceptor.TransactionInterceptor] is not eligible for getting processed by all BeanPostProcessors (for example: not eligible for auto-proxying)
2022-11-21 20:25:26.476  INFO 12080 --- [main] com.raj.config.TxAnoConfig               : 加载切面拦截规则
2022-11-21 20:25:26.483  INFO 12080 --- [main] trationDelegate$BeanPostProcessorChecker : Bean 'defaultPointcutAdvisor' of type [org.springframework.aop.support.DefaultPointcutAdvisor] is not eligible for getting processed by all BeanPostProcessors (for example: not eligible for auto-proxying)
2022-11-21 20:25:28.722  INFO 12080 --- [main] com.raj.config.RedisConfig               : 加载Redis缓存管理器...
2022-11-21 20:25:29.212  INFO 12080 --- [main] com.raj.config.MvcConfig                 : 加载消息转换器...
2022-11-21 20:25:29.405  INFO 12080 --- [main] com.raj.config.MvcConfig                 : 放行路径:[/backend/api/**, /backend/images/**, /backend/js/**, /backend/plugins/**, /backend/styles/**, /backend/favicon.ico, /backend/login/**, /common/**, /backend/page/**, /favicon.ico, /backend/index.html, /front/**]
2022-11-21 20:25:29.988  INFO 12080 --- [main] com.raj.front.service.UserServiceTest    : Started UserServiceTest in 5.597 seconds (JVM running for 7.004)
2022-11-21 20:25:30.377  INFO 12080 --- [main] c.r.front.service.impl.UserServiceImpl   : 发件人:3408396469@qq.com
2022-11-21 20:25:30.802  INFO 12080 --- [SpringApplicationShutdownHook] com.alibaba.druid.pool.DruidDataSource   : {dataSource-0} closing ...
2022-11-21 20:25:50.687  INFO 18064 --- [main] com.raj.front.service.UserServiceTest    : Starting UserServiceTest using Java 1.8.0_351 on DESKTOP-KV8ES4J with PID 18064 (started by RainGrd in D:\materials\raj\raj-entrance)
2022-11-21 20:25:50.688  INFO 18064 --- [main] com.raj.front.service.UserServiceTest    : The following 6 profiles are active: "common", "entity", "dao", "service", "web", "entrance"
