2022-11-22 10:44:25.857  INFO 13224 --- [main] com.raj.front.service.UserServiceTest    : Started UserServiceTest in 6.219 seconds (JVM running for 7.674)
2022-11-22 10:44:26.295  INFO 13224 --- [main] c.r.front.service.impl.UserServiceImpl   : 收件人:duanronggui1224@163.com
2022-11-22 10:44:26.296  INFO 13224 --- [main] c.r.front.service.impl.UserServiceImpl   : 验证码-------------------------------:bf2477
2022-11-22 10:44:28.108  INFO 13224 --- [SpringApplicationShutdownHook] com.alibaba.druid.pool.DruidDataSource   : {dataSource-0} closing ...
2022-11-22 10:58:40.303  INFO 18200 --- [main] com.raj.front.service.UserServiceTest    : Starting UserServiceTest using Java 1.8.0_351 on DESKTOP-KV8ES4J with PID 18200 (started by RainGrd in D:\materials\raj\raj-entrance)
2022-11-22 10:58:40.306  INFO 18200 --- [main] com.raj.front.service.UserServiceTest    : The following 6 profiles are active: "common", "entity", "dao", "service", "web", "entrance"
2022-11-22 10:58:41.442  INFO 18200 --- [main] .s.d.r.c.RepositoryConfigurationDelegate : Multiple Spring Data modules found, entering strict repository configuration mode
2022-11-22 10:58:41.446  INFO 18200 --- [main] .s.d.r.c.RepositoryConfigurationDelegate : Bootstrapping Spring Data Redis repositories in DEFAULT mode.
2022-11-22 10:58:41.495  INFO 18200 --- [main] .s.d.r.c.RepositoryConfigurationDelegate : Finished Spring Data repository scanning in 34 ms. Found 0 Redis repository interfaces.
2022-11-22 10:58:42.137  INFO 18200 --- [main] trationDelegate$BeanPostProcessorChecker : Bean 'org.springframework.boot.autoconfigure.jdbc.DataSourceConfiguration$Generic' of type [org.springframework.boot.autoconfigure.jdbc.DataSourceConfiguration$Generic] is not eligible for getting processed by all BeanPostProcessors (for example: not eligible for auto-proxying)
2022-11-22 10:58:42.165  INFO 18200 --- [main] trationDelegate$BeanPostProcessorChecker : Bean 'spring.datasource-org.springframework.boot.autoconfigure.jdbc.DataSourceProperties' of type [org.springframework.boot.autoconfigure.jdbc.DataSourceProperties] is not eligible for getting processed by all BeanPostProcessors (for example: not eligible for auto-proxying)
2022-11-22 10:58:42.291  INFO 18200 --- [main] trationDelegate$BeanPostProcessorChecker : Bean 'dataSource' of type [com.alibaba.druid.pool.DruidDataSource] is not eligible for getting processed by all BeanPostProcessors (for example: not eligible for auto-proxying)
2022-11-22 10:58:42.309  INFO 18200 --- [main] trationDelegate$BeanPostProcessorChecker : Bean 'txAnoConfig' of type [com.raj.config.TxAnoConfig$$EnhancerBySpringCGLIB$$8e91971e] is not eligible for getting processed by all BeanPostProcessors (for example: not eligible for auto-proxying)
2022-11-22 10:58:42.333  INFO 18200 --- [main] trationDelegate$BeanPostProcessorChecker : Bean 'txManger' of type [org.springframework.jdbc.datasource.DataSourceTransactionManager] is not eligible for getting processed by all BeanPostProcessors (for example: not eligible for auto-proxying)
2022-11-22 10:58:42.337  INFO 18200 --- [main] com.raj.config.TxAnoConfig               : 加载事务拦截器
2022-11-22 10:58:42.337  INFO 18200 --- [main] trationDelegate$BeanPostProcessorChecker : Bean 'txAdvice' of type [org.springframework.transaction.interceptor.TransactionInterceptor] is not eligible for getting processed by all BeanPostProcessors (for example: not eligible for auto-proxying)
2022-11-22 10:58:42.344  INFO 18200 --- [main] com.raj.config.TxAnoConfig               : 加载切面拦截规则
2022-11-22 10:58:42.353  INFO 18200 --- [main] trationDelegate$BeanPostProcessorChecker : Bean 'defaultPointcutAdvisor' of type [org.springframework.aop.support.DefaultPointcutAdvisor] is not eligible for getting processed by all BeanPostProcessors (for example: not eligible for auto-proxying)
2022-11-22 10:58:44.585  INFO 18200 --- [main] com.raj.config.RedisConfig               : 加载Redis缓存管理器...
2022-11-22 10:58:45.158  INFO 18200 --- [main] com.raj.config.MvcConfig                 : 加载消息转换器...
2022-11-22 10:58:45.388  INFO 18200 --- [main] com.raj.config.MvcConfig                 : 放行路径:[/backend/api/**, /backend/images/**, /backend/js/**, /backend/plugins/**, /backend/styles/**, /backend/favicon.ico, /backend/login/**, /common/**, /backend/page/**, /favicon.ico, /backend/index.html, /front/**]
