2022-11-23 12:40:30.576  WARN 13976 --- [main] org.thymeleaf.templatemode.TemplateMode  : [THYMELEAF][main] Template Mode 'HTML5' is deprecated. Using Template Mode 'HTML' instead.
2022-11-23 12:40:30.898  INFO 13976 --- [main] com.raj.config.RedisConfig               : 加载Redis缓存管理器...
2022-11-23 12:40:31.664  INFO 13976 --- [main] com.raj.config.MvcConfig                 : 加载消息转换器...
2022-11-23 12:40:32.053  INFO 13976 --- [main] com.raj.config.MvcConfig                 : 放行路径:[/backend/api/**, /backend/images/**, /backend/js/**, /backend/plugins/**, /backend/styles/**, /backend/favicon.ico, /backend/login/**, /common/**, /backend/page/**, /favicon.ico, /backend/email.html, /front/page/**, /front/api/**, /front/images/**, /front/js/**, /front/fonts/**, /front/styles/**, /front/favicon.ico, /front/login/**, /front/email.html]
2022-11-23 12:40:33.278  INFO 13976 --- [main] com.raj.front.service.UserServiceTest    : Started UserServiceTest in 7.468 seconds (JVM running for 9.017)
2022-11-23 12:40:33.679  INFO 13976 --- [main] c.r.front.service.impl.UserServiceImpl   : 验证码-------------------------------:ba6f78
2022-11-23 12:40:35.122  INFO 13976 --- [main] c.r.front.service.impl.UserServiceImpl   : 封装好的邮箱实体对象:EmailModel(sendTo=duanronggui1224@163.com, title=邮箱登录验证码, text=ba6f78, filePath=null)
2022-11-23 12:40:35.165  INFO 13976 --- [main] com.raj.utils.EmailUtils                 : 发件人:3408396469@qq.com
2022-11-23 12:40:35.165  INFO 13976 --- [main] com.raj.utils.EmailUtils                 : 收件人:duanronggui1224@163.com
2022-11-23 12:40:35.166  INFO 13976 --- [main] com.raj.utils.EmailUtils                 : 邮件标题:邮箱登录验证码
2022-11-23 12:40:35.167  INFO 13976 --- [main] com.raj.utils.EmailUtils                 : 邮件内容:ba6f78
2022-11-23 12:40:42.850  INFO 13976 --- [main] com.raj.utils.EmailUtils                 : 邮件已经发送成功
2022-11-23 12:40:43.006  INFO 13976 --- [SpringApplicationShutdownHook] com.alibaba.druid.pool.DruidDataSource   : {dataSource-0} closing ...
2022-11-23 12:44:50.833  INFO 9020 --- [main] com.raj.front.service.UserServiceTest    : Starting UserServiceTest using Java 1.8.0_351 on DESKTOP-KV8ES4J with PID 9020 (started by RainGrd in D:\materials\raj\raj-entrance)
2022-11-23 12:44:50.835  INFO 9020 --- [main] com.raj.front.service.UserServiceTest    : The following 6 profiles are active: "common", "entity", "dao", "service", "web", "entrance"
2022-11-23 12:44:51.773  INFO 9020 --- [main] .s.d.r.c.RepositoryConfigurationDelegate : Multiple Spring Data modules found, entering strict repository configuration mode
2022-11-23 12:44:51.776  INFO 9020 --- [main] .s.d.r.c.RepositoryConfigurationDelegate : Bootstrapping Spring Data Redis repositories in DEFAULT mode.
2022-11-23 12:44:51.823  INFO 9020 --- [main] .s.d.r.c.RepositoryConfigurationDelegate : Finished Spring Data repository scanning in 31 ms. Found 0 Redis repository interfaces.
2022-11-23 12:44:52.549  INFO 9020 --- [main] trationDelegate$BeanPostProcessorChecker : Bean 'org.springframework.boot.autoconfigure.jdbc.DataSourceConfiguration$Generic' of type [org.springframework.boot.autoconfigure.jdbc.DataSourceConfiguration$Generic] is not eligible for getting processed by all BeanPostProcessors (for example: not eligible for auto-proxying)
2022-11-23 12:44:52.579  INFO 9020 --- [main] trationDelegate$BeanPostProcessorChecker : Bean 'spring.datasource-org.springframework.boot.autoconfigure.jdbc.DataSourceProperties' of type [org.springframework.boot.autoconfigure.jdbc.DataSourceProperties] is not eligible for getting processed by all BeanPostProcessors (for example: not eligible for auto-proxying)
2022-11-23 12:44:52.641  INFO 9020 --- [main] trationDelegate$BeanPostProcessorChecker : Bean 'dataSource' of type [com.alibaba.druid.pool.DruidDataSource] is not eligible for getting processed by all BeanPostProcessors (for example: not eligible for auto-proxying)
2022-11-23 12:44:52.663  INFO 9020 --- [main] trationDelegate$BeanPostProcessorChecker : Bean 'txAnoConfig' of type [com.raj.config.TxAnoConfig$$EnhancerBySpringCGLIB$$d4b0d0e8] is not eligible for getting processed by all BeanPostProcessors (for example: not eligible for auto-proxying)
2022-11-23 12:44:52.693  INFO 9020 --- [main] trationDelegate$BeanPostProcessorChecker : Bean 'txManger' of type [org.springframework.jdbc.datasource.DataSourceTransactionManager] is not eligible for getting processed by all BeanPostProcessors (for example: not eligible for auto-proxying)
2022-11-23 12:44:52.697  INFO 9020 --- [main] com.raj.config.TxAnoConfig               : 加载事务拦截器
