2022-11-22 19:38:54.898  INFO 23804 --- [main] trationDelegate$BeanPostProcessorChecker : Bean 'dataSource' of type [com.alibaba.druid.pool.DruidDataSource] is not eligible for getting processed by all BeanPostProcessors (for example: not eligible for auto-proxying)
2022-11-22 19:38:54.935  INFO 23804 --- [main] trationDelegate$BeanPostProcessorChecker : Bean 'txAnoConfig' of type [com.raj.config.TxAnoConfig$$EnhancerBySpringCGLIB$$f5002093] is not eligible for getting processed by all BeanPostProcessors (for example: not eligible for auto-proxying)
2022-11-22 19:38:54.980  INFO 23804 --- [main] trationDelegate$BeanPostProcessorChecker : Bean 'txManger' of type [org.springframework.jdbc.datasource.DataSourceTransactionManager] is not eligible for getting processed by all BeanPostProcessors (for example: not eligible for auto-proxying)
2022-11-22 19:38:54.989  INFO 23804 --- [main] com.raj.config.TxAnoConfig               : 加载事务拦截器
2022-11-22 19:38:54.990  INFO 23804 --- [main] trationDelegate$BeanPostProcessorChecker : Bean 'txAdvice' of type [org.springframework.transaction.interceptor.TransactionInterceptor] is not eligible for getting processed by all BeanPostProcessors (for example: not eligible for auto-proxying)
2022-11-22 19:38:54.995  INFO 23804 --- [main] com.raj.config.TxAnoConfig               : 加载切面拦截规则
2022-11-22 19:38:55.003  INFO 23804 --- [main] trationDelegate$BeanPostProcessorChecker : Bean 'defaultPointcutAdvisor' of type [org.springframework.aop.support.DefaultPointcutAdvisor] is not eligible for getting processed by all BeanPostProcessors (for example: not eligible for auto-proxying)
2022-11-22 19:38:57.482  INFO 23804 --- [main] com.raj.config.RedisConfig               : 加载Redis缓存管理器...
2022-11-22 19:38:58.399  INFO 23804 --- [main] com.raj.config.MvcConfig                 : 加载消息转换器...
2022-11-22 19:38:58.724  INFO 23804 --- [main] com.raj.config.MvcConfig                 : 放行路径:[/backend/api/**, /backend/images/**, /backend/js/**, /backend/plugins/**, /backend/styles/**, /backend/favicon.ico, /backend/login/**, /common/**, /backend/page/**, /favicon.ico, /backend/index.html, /front/page/**, /front/api/**, /front/images/**, /front/js/**, /front/fonts/**, /front/styles/**, /front/favicon.ico, /front/login/**, /front/index.html]
2022-11-22 19:38:59.533  INFO 23804 --- [main] com.raj.front.service.UserServiceTest    : Started UserServiceTest in 7.375 seconds (JVM running for 8.801)
2022-11-22 19:38:59.948  INFO 23804 --- [main] c.r.front.service.impl.UserServiceImpl   : 验证码-------------------------------:2c4c15
2022-11-22 19:39:01.268  INFO 23804 --- [main] c.r.front.service.impl.UserServiceImpl   : 封装好的邮箱实体对象:EmailModel(sendTo=duanronggui1224@163.com, title=邮箱登录验证码, text=<h1>尊敬的客户您好！</h1><p>你的验证码为2c4c15</p>, filePath=null)
2022-11-22 19:39:01.309  INFO 23804 --- [main] com.raj.utils.EmailUtils                 : 发件人,3403896469@qq.com
2022-11-22 19:39:01.310  INFO 23804 --- [main] com.raj.utils.EmailUtils                 : 收件人:duanronggui1224@163.com
2022-11-22 19:39:01.310  INFO 23804 --- [main] com.raj.utils.EmailUtils                 : 邮件标题,邮箱登录验证码
2022-11-22 19:39:01.310  INFO 23804 --- [main] com.raj.utils.EmailUtils                 : 邮件内容,<h1>尊敬的客户您好！</h1><p>你的验证码为2c4c15</p>
2022-11-22 19:39:06.628 ERROR 23804 --- [main] com.raj.utils.EmailUtils                 : Authentication failed; nested exception is javax.mail.AuthenticationFailedException: 535 Login Fail. Please enter your authorization code to login. More information in http://service.mail.qq.com/cgi-bin/help?subtype=1&&id=28&&no=1001256

2022-11-22 19:39:06.780  INFO 23804 --- [SpringApplicationShutdownHook] com.alibaba.druid.pool.DruidDataSource   : {dataSource-0} closing ...
2022-11-22 19:45:39.267  INFO 17916 --- [main] com.raj.front.service.UserServiceTest    : Starting UserServiceTest using Java 1.8.0_351 on DESKTOP-KV8ES4J with PID 17916 (started by RainGrd in D:\materials\raj\raj-entrance)
2022-11-22 19:45:39.269  INFO 17916 --- [main] com.raj.front.service.UserServiceTest    : The following 6 profiles are active: "common", "entity", "dao", "service", "web", "entrance"
