2022-11-22 12:29:42.836  INFO 2792 --- [main] com.raj.config.RedisConfig               : 加载Redis缓存管理器...
2022-11-22 12:29:43.331  INFO 2792 --- [main] com.raj.config.MvcConfig                 : 加载消息转换器...
2022-11-22 12:29:43.525  INFO 2792 --- [main] com.raj.config.MvcConfig                 : 放行路径:[/backend/api/**, /backend/images/**, /backend/js/**, /backend/plugins/**, /backend/styles/**, /backend/favicon.ico, /backend/login/**, /common/**, /backend/page/**, /favicon.ico, /backend/index.html, /front/**]
2022-11-22 12:29:44.288  INFO 2792 --- [main] com.raj.front.service.UserServiceTest    : Started UserServiceTest in 5.882 seconds (JVM running for 7.177)
2022-11-22 12:29:44.656  INFO 2792 --- [main] c.r.front.service.impl.UserServiceImpl   : 验证码-------------------------------:27ff96
2022-11-22 12:29:45.868  INFO 2792 --- [main] c.r.front.service.impl.UserServiceImpl   : 封装好的邮箱实体对象:EmailModel(sendTo=duanronggui1224@163.com, title=邮箱登录验证码, text=<h1>尊敬的客户您好！</h1><p>你的验证码为</p>, filePath=null)
2022-11-22 12:29:45.903  INFO 2792 --- [main] com.raj.utils.EmailUtils                 : 发件人,3403896469@qq.com
2022-11-22 12:29:45.904  INFO 2792 --- [main] com.raj.utils.EmailUtils                 : 收件人:duanronggui1224@163.com
2022-11-22 12:29:45.904  INFO 2792 --- [main] com.raj.utils.EmailUtils                 : 邮件标题,邮箱登录验证码
2022-11-22 12:29:45.905  INFO 2792 --- [main] com.raj.utils.EmailUtils                 : 邮件内容,<h1>尊敬的客户您好！</h1><p>你的验证码为</p>
2022-11-22 12:29:46.408  INFO 2792 --- [SpringApplicationShutdownHook] com.alibaba.druid.pool.DruidDataSource   : {dataSource-0} closing ...
2022-11-22 12:34:58.607  INFO 3444 --- [main] com.raj.front.service.UserServiceTest    : Starting UserServiceTest using Java 1.8.0_351 on DESKTOP-KV8ES4J with PID 3444 (started by RainGrd in D:\materials\raj\raj-entrance)
2022-11-22 12:34:58.609  INFO 3444 --- [main] com.raj.front.service.UserServiceTest    : The following 6 profiles are active: "common", "entity", "dao", "service", "web", "entrance"
2022-11-22 12:34:59.484  INFO 3444 --- [main] .s.d.r.c.RepositoryConfigurationDelegate : Multiple Spring Data modules found, entering strict repository configuration mode
2022-11-22 12:34:59.486  INFO 3444 --- [main] .s.d.r.c.RepositoryConfigurationDelegate : Bootstrapping Spring Data Redis repositories in DEFAULT mode.
2022-11-22 12:34:59.535  INFO 3444 --- [main] .s.d.r.c.RepositoryConfigurationDelegate : Finished Spring Data repository scanning in 31 ms. Found 0 Redis repository interfaces.
2022-11-22 12:35:00.162  INFO 3444 --- [main] trationDelegate$BeanPostProcessorChecker : Bean 'org.springframework.boot.autoconfigure.jdbc.DataSourceConfiguration$Generic' of type [org.springframework.boot.autoconfigure.jdbc.DataSourceConfiguration$Generic] is not eligible for getting processed by all BeanPostProcessors (for example: not eligible for auto-proxying)
2022-11-22 12:35:00.227  INFO 3444 --- [main] trationDelegate$BeanPostProcessorChecker : Bean 'spring.datasource-org.springframework.boot.autoconfigure.jdbc.DataSourceProperties' of type [org.springframework.boot.autoconfigure.jdbc.DataSourceProperties] is not eligible for getting processed by all BeanPostProcessors (for example: not eligible for auto-proxying)
2022-11-22 12:35:00.289  INFO 3444 --- [main] trationDelegate$BeanPostProcessorChecker : Bean 'dataSource' of type [com.alibaba.druid.pool.DruidDataSource] is not eligible for getting processed by all BeanPostProcessors (for example: not eligible for auto-proxying)
2022-11-22 12:35:00.312  INFO 3444 --- [main] trationDelegate$BeanPostProcessorChecker : Bean 'txAnoConfig' of type [com.raj.config.TxAnoConfig$$EnhancerBySpringCGLIB$$5771ee2b] is not eligible for getting processed by all BeanPostProcessors (for example: not eligible for auto-proxying)
2022-11-22 12:35:00.338  INFO 3444 --- [main] trationDelegate$BeanPostProcessorChecker : Bean 'txManger' of type [org.springframework.jdbc.datasource.DataSourceTransactionManager] is not eligible for getting processed by all BeanPostProcessors (for example: not eligible for auto-proxying)
2022-11-22 12:35:00.343  INFO 3444 --- [main] com.raj.config.TxAnoConfig               : 加载事务拦截器
2022-11-22 12:35:00.343  INFO 3444 --- [main] trationDelegate$BeanPostProcessorChecker : Bean 'txAdvice' of type [org.springframework.transaction.interceptor.TransactionInterceptor] is not eligible for getting processed by all BeanPostProcessors (for example: not eligible for auto-proxying)
2022-11-22 12:35:00.350  INFO 3444 --- [main] com.raj.config.TxAnoConfig               : 加载切面拦截规则
2022-11-22 12:35:00.356  INFO 3444 --- [main] trationDelegate$BeanPostProcessorChecker : Bean 'defaultPointcutAdvisor' of type [org.springframework.aop.support.DefaultPointcutAdvisor] is not eligible for getting processed by all BeanPostProcessors (for example: not eligible for auto-proxying)
