2022-11-22 12:20:37.524  INFO 20376 --- [main] com.raj.config.RedisConfig               : 加载Redis缓存管理器...
2022-11-22 12:20:38.129  INFO 20376 --- [main] com.raj.config.MvcConfig                 : 加载消息转换器...
2022-11-22 12:20:38.318  INFO 20376 --- [main] com.raj.config.MvcConfig                 : 放行路径:[/backend/api/**, /backend/images/**, /backend/js/**, /backend/plugins/**, /backend/styles/**, /backend/favicon.ico, /backend/login/**, /common/**, /backend/page/**, /favicon.ico, /backend/index.html, /front/**]
2022-11-22 12:20:39.644  INFO 20376 --- [main] com.raj.front.service.UserServiceTest    : Started UserServiceTest in 7.668 seconds (JVM running for 9.104)
2022-11-22 12:20:40.476  INFO 20376 --- [main] c.r.front.service.impl.UserServiceImpl   : 验证码-------------------------------:c8ffe9
2022-11-22 12:20:41.947  INFO 20376 --- [main] c.r.front.service.impl.UserServiceImpl   : 封装好的邮箱实体对象:EmailModel(sendTo=duanronggui1224@163.com, title=邮箱登录验证码, text=<h1>尊敬的客户您好！</h1><p>你的验证码为</p>, filePath=null)
2022-11-22 12:20:42.192  INFO 20376 --- [SpringApplicationShutdownHook] com.alibaba.druid.pool.DruidDataSource   : {dataSource-0} closing ...
2022-11-22 12:23:57.576  INFO 368 --- [main] com.raj.front.service.UserServiceTest    : Starting UserServiceTest using Java 1.8.0_351 on DESKTOP-KV8ES4J with PID 368 (started by RainGrd in D:\materials\raj\raj-entrance)
2022-11-22 12:23:57.577  INFO 368 --- [main] com.raj.front.service.UserServiceTest    : The following 6 profiles are active: "common", "entity", "dao", "service", "web", "entrance"
2022-11-22 12:23:58.461  INFO 368 --- [main] .s.d.r.c.RepositoryConfigurationDelegate : Multiple Spring Data modules found, entering strict repository configuration mode
2022-11-22 12:23:58.465  INFO 368 --- [main] .s.d.r.c.RepositoryConfigurationDelegate : Bootstrapping Spring Data Redis repositories in DEFAULT mode.
2022-11-22 12:23:58.514  INFO 368 --- [main] .s.d.r.c.RepositoryConfigurationDelegate : Finished Spring Data repository scanning in 32 ms. Found 0 Redis repository interfaces.
2022-11-22 12:23:59.194  INFO 368 --- [main] trationDelegate$BeanPostProcessorChecker : Bean 'org.springframework.boot.autoconfigure.jdbc.DataSourceConfiguration$Generic' of type [org.springframework.boot.autoconfigure.jdbc.DataSourceConfiguration$Generic] is not eligible for getting processed by all BeanPostProcessors (for example: not eligible for auto-proxying)
2022-11-22 12:23:59.264  INFO 368 --- [main] trationDelegate$BeanPostProcessorChecker : Bean 'spring.datasource-org.springframework.boot.autoconfigure.jdbc.DataSourceProperties' of type [org.springframework.boot.autoconfigure.jdbc.DataSourceProperties] is not eligible for getting processed by all BeanPostProcessors (for example: not eligible for auto-proxying)
2022-11-22 12:23:59.329  INFO 368 --- [main] trationDelegate$BeanPostProcessorChecker : Bean 'dataSource' of type [com.alibaba.druid.pool.DruidDataSource] is not eligible for getting processed by all BeanPostProcessors (for example: not eligible for auto-proxying)
2022-11-22 12:23:59.349  INFO 368 --- [main] trationDelegate$BeanPostProcessorChecker : Bean 'txAnoConfig' of type [com.raj.config.TxAnoConfig$$EnhancerBySpringCGLIB$$7c7dcfd7] is not eligible for getting processed by all BeanPostProcessors (for example: not eligible for auto-proxying)
2022-11-22 12:23:59.383  INFO 368 --- [main] trationDelegate$BeanPostProcessorChecker : Bean 'txManger' of type [org.springframework.jdbc.datasource.DataSourceTransactionManager] is not eligible for getting processed by all BeanPostProcessors (for example: not eligible for auto-proxying)
2022-11-22 12:23:59.388  INFO 368 --- [main] com.raj.config.TxAnoConfig               : 加载事务拦截器
2022-11-22 12:23:59.389  INFO 368 --- [main] trationDelegate$BeanPostProcessorChecker : Bean 'txAdvice' of type [org.springframework.transaction.interceptor.TransactionInterceptor] is not eligible for getting processed by all BeanPostProcessors (for example: not eligible for auto-proxying)
2022-11-22 12:23:59.394  INFO 368 --- [main] com.raj.config.TxAnoConfig               : 加载切面拦截规则
2022-11-22 12:23:59.405  INFO 368 --- [main] trationDelegate$BeanPostProcessorChecker : Bean 'defaultPointcutAdvisor' of type [org.springframework.aop.support.DefaultPointcutAdvisor] is not eligible for getting processed by all BeanPostProcessors (for example: not eligible for auto-proxying)
