2022-11-22 11:05:47.967  INFO 15888 --- [main] com.raj.front.service.UserServiceTest    : Started UserServiceTest in 6.023 seconds (JVM running for 7.299)
2022-11-22 11:05:48.438  INFO 15888 --- [main] c.r.front.service.impl.UserServiceImpl   : 收件人:duanronggui1224@163.com
2022-11-22 11:05:48.439  INFO 15888 --- [main] c.r.front.service.impl.UserServiceImpl   : 验证码-------------------------------:d09884
2022-11-22 11:05:50.476  INFO 15888 --- [SpringApplicationShutdownHook] com.alibaba.druid.pool.DruidDataSource   : {dataSource-0} closing ...
2022-11-22 11:07:20.244  INFO 21380 --- [main] com.raj.front.service.UserServiceTest    : Starting UserServiceTest using Java 1.8.0_351 on DESKTOP-KV8ES4J with PID 21380 (started by RainGrd in D:\materials\raj\raj-entrance)
2022-11-22 11:07:20.245  INFO 21380 --- [main] com.raj.front.service.UserServiceTest    : The following 6 profiles are active: "common", "entity", "dao", "service", "web", "entrance"
2022-11-22 11:07:21.110  INFO 21380 --- [main] .s.d.r.c.RepositoryConfigurationDelegate : Multiple Spring Data modules found, entering strict repository configuration mode
2022-11-22 11:07:21.114  INFO 21380 --- [main] .s.d.r.c.RepositoryConfigurationDelegate : Bootstrapping Spring Data Redis repositories in DEFAULT mode.
2022-11-22 11:07:21.160  INFO 21380 --- [main] .s.d.r.c.RepositoryConfigurationDelegate : Finished Spring Data repository scanning in 31 ms. Found 0 Redis repository interfaces.
2022-11-22 11:07:21.780  INFO 21380 --- [main] trationDelegate$BeanPostProcessorChecker : Bean 'org.springframework.boot.autoconfigure.jdbc.DataSourceConfiguration$Generic' of type [org.springframework.boot.autoconfigure.jdbc.DataSourceConfiguration$Generic] is not eligible for getting processed by all BeanPostProcessors (for example: not eligible for auto-proxying)
2022-11-22 11:07:21.846  INFO 21380 --- [main] trationDelegate$BeanPostProcessorChecker : Bean 'spring.datasource-org.springframework.boot.autoconfigure.jdbc.DataSourceProperties' of type [org.springframework.boot.autoconfigure.jdbc.DataSourceProperties] is not eligible for getting processed by all BeanPostProcessors (for example: not eligible for auto-proxying)
2022-11-22 11:07:21.905  INFO 21380 --- [main] trationDelegate$BeanPostProcessorChecker : Bean 'dataSource' of type [com.alibaba.druid.pool.DruidDataSource] is not eligible for getting processed by all BeanPostProcessors (for example: not eligible for auto-proxying)
2022-11-22 11:07:21.924  INFO 21380 --- [main] trationDelegate$BeanPostProcessorChecker : Bean 'txAnoConfig' of type [com.raj.config.TxAnoConfig$$EnhancerBySpringCGLIB$$65a871a7] is not eligible for getting processed by all BeanPostProcessors (for example: not eligible for auto-proxying)
2022-11-22 11:07:21.952  INFO 21380 --- [main] trationDelegate$BeanPostProcessorChecker : Bean 'txManger' of type [org.springframework.jdbc.datasource.DataSourceTransactionManager] is not eligible for getting processed by all BeanPostProcessors (for example: not eligible for auto-proxying)
2022-11-22 11:07:21.956  INFO 21380 --- [main] com.raj.config.TxAnoConfig               : 加载事务拦截器
2022-11-22 11:07:21.957  INFO 21380 --- [main] trationDelegate$BeanPostProcessorChecker : Bean 'txAdvice' of type [org.springframework.transaction.interceptor.TransactionInterceptor] is not eligible for getting processed by all BeanPostProcessors (for example: not eligible for auto-proxying)
2022-11-22 11:07:21.964  INFO 21380 --- [main] com.raj.config.TxAnoConfig               : 加载切面拦截规则
2022-11-22 11:07:21.973  INFO 21380 --- [main] trationDelegate$BeanPostProcessorChecker : Bean 'defaultPointcutAdvisor' of type [org.springframework.aop.support.DefaultPointcutAdvisor] is not eligible for getting processed by all BeanPostProcessors (for example: not eligible for auto-proxying)
2022-11-22 11:07:24.242  INFO 21380 --- [main] com.raj.config.RedisConfig               : 加载Redis缓存管理器...
2022-11-22 11:07:24.749  INFO 21380 --- [main] com.raj.config.MvcConfig                 : 加载消息转换器...
2022-11-22 11:07:24.952  INFO 21380 --- [main] com.raj.config.MvcConfig                 : 放行路径:[/backend/api/**, /backend/images/**, /backend/js/**, /backend/plugins/**, /backend/styles/**, /backend/favicon.ico, /backend/login/**, /common/**, /backend/page/**, /favicon.ico, /backend/index.html, /front/**]
