2022-11-21 20:25:51.489  INFO 18064 --- [main] .s.d.r.c.RepositoryConfigurationDelegate : Multiple Spring Data modules found, entering strict repository configuration mode
2022-11-21 20:25:51.501  INFO 18064 --- [main] .s.d.r.c.RepositoryConfigurationDelegate : Bootstrapping Spring Data Redis repositories in DEFAULT mode.
2022-11-21 20:25:51.547  INFO 18064 --- [main] .s.d.r.c.RepositoryConfigurationDelegate : Finished Spring Data repository scanning in 30 ms. Found 0 Redis repository interfaces.
2022-11-21 20:25:52.175  INFO 18064 --- [main] trationDelegate$BeanPostProcessorChecker : Bean 'org.springframework.boot.autoconfigure.jdbc.DataSourceConfiguration$Generic' of type [org.springframework.boot.autoconfigure.jdbc.DataSourceConfiguration$Generic] is not eligible for getting processed by all BeanPostProcessors (for example: not eligible for auto-proxying)
2022-11-21 20:25:52.207  INFO 18064 --- [main] trationDelegate$BeanPostProcessorChecker : Bean 'spring.datasource-org.springframework.boot.autoconfigure.jdbc.DataSourceProperties' of type [org.springframework.boot.autoconfigure.jdbc.DataSourceProperties] is not eligible for getting processed by all BeanPostProcessors (for example: not eligible for auto-proxying)
2022-11-21 20:25:52.263  INFO 18064 --- [main] trationDelegate$BeanPostProcessorChecker : Bean 'dataSource' of type [com.alibaba.druid.pool.DruidDataSource] is not eligible for getting processed by all BeanPostProcessors (for example: not eligible for auto-proxying)
2022-11-21 20:25:52.281  INFO 18064 --- [main] trationDelegate$BeanPostProcessorChecker : Bean 'txAnoConfig' of type [com.raj.config.TxAnoConfig$$EnhancerBySpringCGLIB$$5b1eacfd] is not eligible for getting processed by all BeanPostProcessors (for example: not eligible for auto-proxying)
2022-11-21 20:25:52.307  INFO 18064 --- [main] trationDelegate$BeanPostProcessorChecker : Bean 'txManger' of type [org.springframework.jdbc.datasource.DataSourceTransactionManager] is not eligible for getting processed by all BeanPostProcessors (for example: not eligible for auto-proxying)
2022-11-21 20:25:52.310  INFO 18064 --- [main] com.raj.config.TxAnoConfig               : 加载事务拦截器
2022-11-21 20:25:52.311  INFO 18064 --- [main] trationDelegate$BeanPostProcessorChecker : Bean 'txAdvice' of type [org.springframework.transaction.interceptor.TransactionInterceptor] is not eligible for getting processed by all BeanPostProcessors (for example: not eligible for auto-proxying)
2022-11-21 20:25:52.315  INFO 18064 --- [main] com.raj.config.TxAnoConfig               : 加载切面拦截规则
2022-11-21 20:25:52.323  INFO 18064 --- [main] trationDelegate$BeanPostProcessorChecker : Bean 'defaultPointcutAdvisor' of type [org.springframework.aop.support.DefaultPointcutAdvisor] is not eligible for getting processed by all BeanPostProcessors (for example: not eligible for auto-proxying)
2022-11-21 20:25:54.596  INFO 18064 --- [main] com.raj.config.RedisConfig               : 加载Redis缓存管理器...
2022-11-21 20:25:55.041  INFO 18064 --- [main] com.raj.config.MvcConfig                 : 加载消息转换器...
2022-11-21 20:25:55.213  INFO 18064 --- [main] com.raj.config.MvcConfig                 : 放行路径:[/backend/api/**, /backend/images/**, /backend/js/**, /backend/plugins/**, /backend/styles/**, /backend/favicon.ico, /backend/login/**, /common/**, /backend/page/**, /favicon.ico, /backend/index.html, /front/**]
2022-11-21 20:25:55.808  INFO 18064 --- [main] com.raj.front.service.UserServiceTest    : Started UserServiceTest in 5.551 seconds (JVM running for 6.86)
2022-11-21 20:25:56.205  INFO 18064 --- [main] c.r.front.service.impl.UserServiceImpl   : 发件人:3408396469@qq.com
2022-11-21 20:26:17.273  INFO 18064 --- [SpringApplicationShutdownHook] com.alibaba.druid.pool.DruidDataSource   : {dataSource-0} closing ...
2022-11-21 20:27:33.603  INFO 21416 --- [main] com.raj.front.service.UserServiceTest    : Starting UserServiceTest using Java 1.8.0_351 on DESKTOP-KV8ES4J with PID 21416 (started by RainGrd in D:\materials\raj\raj-entrance)
2022-11-21 20:27:33.604  INFO 21416 --- [main] com.raj.front.service.UserServiceTest    : The following 6 profiles are active: "common", "entity", "dao", "service", "web", "entrance"
