2022-11-22 11:19:32.925  INFO 18604 --- [main] com.raj.front.service.UserServiceTest    : Started UserServiceTest in 6.461 seconds (JVM running for 7.973)
2022-11-22 11:19:33.284  INFO 18604 --- [main] c.r.front.service.impl.UserServiceImpl   : 验证码-------------------------------:f021d3
2022-11-22 11:19:34.662  INFO 18604 --- [SpringApplicationShutdownHook] com.alibaba.druid.pool.DruidDataSource   : {dataSource-0} closing ...
2022-11-22 11:21:39.336  INFO 12708 --- [main] com.raj.front.service.UserServiceTest    : Starting UserServiceTest using Java 1.8.0_351 on DESKTOP-KV8ES4J with PID 12708 (started by RainGrd in D:\materials\raj\raj-entrance)
2022-11-22 11:21:39.338  INFO 12708 --- [main] com.raj.front.service.UserServiceTest    : The following 6 profiles are active: "common", "entity", "dao", "service", "web", "entrance"
2022-11-22 11:21:40.213  INFO 12708 --- [main] .s.d.r.c.RepositoryConfigurationDelegate : Multiple Spring Data modules found, entering strict repository configuration mode
2022-11-22 11:21:40.217  INFO 12708 --- [main] .s.d.r.c.RepositoryConfigurationDelegate : Bootstrapping Spring Data Redis repositories in DEFAULT mode.
2022-11-22 11:21:40.267  INFO 12708 --- [main] .s.d.r.c.RepositoryConfigurationDelegate : Finished Spring Data repository scanning in 33 ms. Found 0 Redis repository interfaces.
2022-11-22 11:21:40.864  INFO 12708 --- [main] trationDelegate$BeanPostProcessorChecker : Bean 'org.springframework.boot.autoconfigure.jdbc.DataSourceConfiguration$Generic' of type [org.springframework.boot.autoconfigure.jdbc.DataSourceConfiguration$Generic] is not eligible for getting processed by all BeanPostProcessors (for example: not eligible for auto-proxying)
2022-11-22 11:21:40.930  INFO 12708 --- [main] trationDelegate$BeanPostProcessorChecker : Bean 'spring.datasource-org.springframework.boot.autoconfigure.jdbc.DataSourceProperties' of type [org.springframework.boot.autoconfigure.jdbc.DataSourceProperties] is not eligible for getting processed by all BeanPostProcessors (for example: not eligible for auto-proxying)
2022-11-22 11:21:40.987  INFO 12708 --- [main] trationDelegate$BeanPostProcessorChecker : Bean 'dataSource' of type [com.alibaba.druid.pool.DruidDataSource] is not eligible for getting processed by all BeanPostProcessors (for example: not eligible for auto-proxying)
2022-11-22 11:21:41.005  INFO 12708 --- [main] trationDelegate$BeanPostProcessorChecker : Bean 'txAnoConfig' of type [com.raj.config.TxAnoConfig$$EnhancerBySpringCGLIB$$bfd1374d] is not eligible for getting processed by all BeanPostProcessors (for example: not eligible for auto-proxying)
2022-11-22 11:21:41.031  INFO 12708 --- [main] trationDelegate$BeanPostProcessorChecker : Bean 'txManger' of type [org.springframework.jdbc.datasource.DataSourceTransactionManager] is not eligible for getting processed by all BeanPostProcessors (for example: not eligible for auto-proxying)
2022-11-22 11:21:41.034  INFO 12708 --- [main] com.raj.config.TxAnoConfig               : 加载事务拦截器
2022-11-22 11:21:41.034  INFO 12708 --- [main] trationDelegate$BeanPostProcessorChecker : Bean 'txAdvice' of type [org.springframework.transaction.interceptor.TransactionInterceptor] is not eligible for getting processed by all BeanPostProcessors (for example: not eligible for auto-proxying)
2022-11-22 11:21:41.040  INFO 12708 --- [main] com.raj.config.TxAnoConfig               : 加载切面拦截规则
2022-11-22 11:21:41.047  INFO 12708 --- [main] trationDelegate$BeanPostProcessorChecker : Bean 'defaultPointcutAdvisor' of type [org.springframework.aop.support.DefaultPointcutAdvisor] is not eligible for getting processed by all BeanPostProcessors (for example: not eligible for auto-proxying)
2022-11-22 11:21:43.330  INFO 12708 --- [main] com.raj.config.RedisConfig               : 加载Redis缓存管理器...
2022-11-22 11:21:43.897  INFO 12708 --- [main] com.raj.config.MvcConfig                 : 加载消息转换器...
2022-11-22 11:21:44.121  INFO 12708 --- [main] com.raj.config.MvcConfig                 : 放行路径:[/backend/api/**, /backend/images/**, /backend/js/**, /backend/plugins/**, /backend/styles/**, /backend/favicon.ico, /backend/login/**, /common/**, /backend/page/**, /favicon.ico, /backend/index.html, /front/**]
