2022-11-22 18:03:43.907  INFO 10400 --- [main] trationDelegate$BeanPostProcessorChecker : Bean 'txAdvice' of type [org.springframework.transaction.interceptor.TransactionInterceptor] is not eligible for getting processed by all BeanPostProcessors (for example: not eligible for auto-proxying)
2022-11-22 18:03:43.920  INFO 10400 --- [main] com.raj.config.TxAnoConfig               : 加载切面拦截规则
2022-11-22 18:03:43.933  INFO 10400 --- [main] trationDelegate$BeanPostProcessorChecker : Bean 'defaultPointcutAdvisor' of type [org.springframework.aop.support.DefaultPointcutAdvisor] is not eligible for getting processed by all BeanPostProcessors (for example: not eligible for auto-proxying)
2022-11-22 18:03:46.823  INFO 10400 --- [main] com.raj.config.RedisConfig               : 加载Redis缓存管理器...
2022-11-22 18:03:47.379  INFO 10400 --- [main] com.raj.config.MvcConfig                 : 加载消息转换器...
2022-11-22 18:03:47.550  INFO 10400 --- [main] com.raj.config.MvcConfig                 : 放行路径:[/backend/api/**, /backend/images/**, /backend/js/**, /backend/plugins/**, /backend/styles/**, /backend/favicon.ico, /backend/login/**, /common/**, /backend/page/**, /favicon.ico, /backend/index.html, /front/page/**, /front/api/**, /front/images/**, /front/js/**, /front/fonts/**, /front/styles/**, /front/favicon.ico, /front/login/**, /front/index.html]
2022-11-22 18:03:48.337  INFO 10400 --- [main] c.r.backend.service.CategoryServiceTest  : Started CategoryServiceTest in 6.699 seconds (JVM running for 8.522)
2022-11-22 18:03:48.345  INFO 10400 --- [main] ConditionEvaluationReportLoggingListener : 

Error starting ApplicationContext. To display the conditions report re-run your application with 'debug' enabled.
2022-11-22 18:03:48.365  INFO 10400 --- [SpringApplicationShutdownHook] com.alibaba.druid.pool.DruidDataSource   : {dataSource-0} closing ...
2022-11-22 18:25:54.396  INFO 14472 --- [main] c.r.backend.service.CategoryServiceTest  : Starting CategoryServiceTest using Java 1.8.0_351 on DESKTOP-KV8ES4J with PID 14472 (started by RainGrd in D:\materials\raj\raj-entrance)
2022-11-22 18:25:54.399  INFO 14472 --- [main] c.r.backend.service.CategoryServiceTest  : The following 6 profiles are active: "common", "entity", "dao", "service", "web", "entrance"
2022-11-22 18:25:55.432  INFO 14472 --- [main] .s.d.r.c.RepositoryConfigurationDelegate : Multiple Spring Data modules found, entering strict repository configuration mode
2022-11-22 18:25:55.435  INFO 14472 --- [main] .s.d.r.c.RepositoryConfigurationDelegate : Bootstrapping Spring Data Redis repositories in DEFAULT mode.
2022-11-22 18:25:55.491  INFO 14472 --- [main] .s.d.r.c.RepositoryConfigurationDelegate : Finished Spring Data repository scanning in 37 ms. Found 0 Redis repository interfaces.
2022-11-22 18:25:56.171  INFO 14472 --- [main] trationDelegate$BeanPostProcessorChecker : Bean 'org.springframework.boot.autoconfigure.jdbc.DataSourceConfiguration$Generic' of type [org.springframework.boot.autoconfigure.jdbc.DataSourceConfiguration$Generic] is not eligible for getting processed by all BeanPostProcessors (for example: not eligible for auto-proxying)
2022-11-22 18:25:56.293  INFO 14472 --- [main] trationDelegate$BeanPostProcessorChecker : Bean 'spring.datasource-org.springframework.boot.autoconfigure.jdbc.DataSourceProperties' of type [org.springframework.boot.autoconfigure.jdbc.DataSourceProperties] is not eligible for getting processed by all BeanPostProcessors (for example: not eligible for auto-proxying)
2022-11-22 18:25:56.356  INFO 14472 --- [main] trationDelegate$BeanPostProcessorChecker : Bean 'dataSource' of type [com.alibaba.druid.pool.DruidDataSource] is not eligible for getting processed by all BeanPostProcessors (for example: not eligible for auto-proxying)
2022-11-22 18:25:56.377  INFO 14472 --- [main] trationDelegate$BeanPostProcessorChecker : Bean 'txAnoConfig' of type [com.raj.config.TxAnoConfig$$EnhancerBySpringCGLIB$$beb60ca5] is not eligible for getting processed by all BeanPostProcessors (for example: not eligible for auto-proxying)
2022-11-22 18:25:56.407  INFO 14472 --- [main] trationDelegate$BeanPostProcessorChecker : Bean 'txManger' of type [org.springframework.jdbc.datasource.DataSourceTransactionManager] is not eligible for getting processed by all BeanPostProcessors (for example: not eligible for auto-proxying)
2022-11-22 18:25:56.411  INFO 14472 --- [main] com.raj.config.TxAnoConfig               : 加载事务拦截器
