2022-11-23 12:35:27.893  WARN 19520 --- [main] org.thymeleaf.templatemode.TemplateMode  : [THYMELEAF][main] Template Mode 'HTML5' is deprecated. Using Template Mode 'HTML' instead.
2022-11-23 12:35:28.117  INFO 19520 --- [main] com.raj.config.RedisConfig               : 加载Redis缓存管理器...
2022-11-23 12:35:28.696  INFO 19520 --- [main] com.raj.config.MvcConfig                 : 加载消息转换器...
2022-11-23 12:35:28.875  INFO 19520 --- [main] com.raj.config.MvcConfig                 : 放行路径:[/backend/api/**, /backend/images/**, /backend/js/**, /backend/plugins/**, /backend/styles/**, /backend/favicon.ico, /backend/login/**, /common/**, /backend/page/**, /favicon.ico, /backend/email.html, /front/page/**, /front/api/**, /front/images/**, /front/js/**, /front/fonts/**, /front/styles/**, /front/favicon.ico, /front/login/**, /front/email.html]
2022-11-23 12:35:29.726  INFO 19520 --- [main] com.raj.front.service.UserServiceTest    : Started UserServiceTest in 6.47 seconds (JVM running for 8.07)
2022-11-23 12:35:30.117  INFO 19520 --- [main] c.r.front.service.impl.UserServiceImpl   : 验证码-------------------------------:b4e320
2022-11-23 12:35:31.490  INFO 19520 --- [main] c.r.front.service.impl.UserServiceImpl   : 封装好的邮箱实体对象:EmailModel(sendTo=duanronggui1224@163.com, title=邮箱登录验证码, text=b4e320, filePath=null)
2022-11-23 12:35:31.529  INFO 19520 --- [main] com.raj.utils.EmailUtils                 : 发件人:3408396469@qq.com
2022-11-23 12:35:31.530  INFO 19520 --- [main] com.raj.utils.EmailUtils                 : 收件人:duanronggui1224@163.com
2022-11-23 12:35:31.530  INFO 19520 --- [main] com.raj.utils.EmailUtils                 : 邮件标题:邮箱登录验证码
2022-11-23 12:35:31.531  INFO 19520 --- [main] com.raj.utils.EmailUtils                 : 邮件内容:b4e320
2022-11-23 12:35:37.705  INFO 19520 --- [main] com.raj.utils.EmailUtils                 : 邮件已经发送成功
2022-11-23 12:35:37.853  INFO 19520 --- [SpringApplicationShutdownHook] com.alibaba.druid.pool.DruidDataSource   : {dataSource-0} closing ...
2022-11-23 12:40:26.282  INFO 13976 --- [main] com.raj.front.service.UserServiceTest    : Starting UserServiceTest using Java 1.8.0_351 on DESKTOP-KV8ES4J with PID 13976 (started by RainGrd in D:\materials\raj\raj-entrance)
2022-11-23 12:40:26.283  INFO 13976 --- [main] com.raj.front.service.UserServiceTest    : The following 6 profiles are active: "common", "entity", "dao", "service", "web", "entrance"
2022-11-23 12:40:27.207  INFO 13976 --- [main] .s.d.r.c.RepositoryConfigurationDelegate : Multiple Spring Data modules found, entering strict repository configuration mode
2022-11-23 12:40:27.212  INFO 13976 --- [main] .s.d.r.c.RepositoryConfigurationDelegate : Bootstrapping Spring Data Redis repositories in DEFAULT mode.
2022-11-23 12:40:27.264  INFO 13976 --- [main] .s.d.r.c.RepositoryConfigurationDelegate : Finished Spring Data repository scanning in 34 ms. Found 0 Redis repository interfaces.
2022-11-23 12:40:27.951  INFO 13976 --- [main] trationDelegate$BeanPostProcessorChecker : Bean 'org.springframework.boot.autoconfigure.jdbc.DataSourceConfiguration$Generic' of type [org.springframework.boot.autoconfigure.jdbc.DataSourceConfiguration$Generic] is not eligible for getting processed by all BeanPostProcessors (for example: not eligible for auto-proxying)
2022-11-23 12:40:27.978  INFO 13976 --- [main] trationDelegate$BeanPostProcessorChecker : Bean 'spring.datasource-org.springframework.boot.autoconfigure.jdbc.DataSourceProperties' of type [org.springframework.boot.autoconfigure.jdbc.DataSourceProperties] is not eligible for getting processed by all BeanPostProcessors (for example: not eligible for auto-proxying)
2022-11-23 12:40:28.039  INFO 13976 --- [main] trationDelegate$BeanPostProcessorChecker : Bean 'dataSource' of type [com.alibaba.druid.pool.DruidDataSource] is not eligible for getting processed by all BeanPostProcessors (for example: not eligible for auto-proxying)
2022-11-23 12:40:28.061  INFO 13976 --- [main] trationDelegate$BeanPostProcessorChecker : Bean 'txAnoConfig' of type [com.raj.config.TxAnoConfig$$EnhancerBySpringCGLIB$$2e939167] is not eligible for getting processed by all BeanPostProcessors (for example: not eligible for auto-proxying)
2022-11-23 12:40:28.092  INFO 13976 --- [main] trationDelegate$BeanPostProcessorChecker : Bean 'txManger' of type [org.springframework.jdbc.datasource.DataSourceTransactionManager] is not eligible for getting processed by all BeanPostProcessors (for example: not eligible for auto-proxying)
2022-11-23 12:40:28.095  INFO 13976 --- [main] com.raj.config.TxAnoConfig               : 加载事务拦截器
2022-11-23 12:40:28.096  INFO 13976 --- [main] trationDelegate$BeanPostProcessorChecker : Bean 'txAdvice' of type [org.springframework.transaction.interceptor.TransactionInterceptor] is not eligible for getting processed by all BeanPostProcessors (for example: not eligible for auto-proxying)
2022-11-23 12:40:28.102  INFO 13976 --- [main] com.raj.config.TxAnoConfig               : 加载切面拦截规则
2022-11-23 12:40:28.108  INFO 13976 --- [main] trationDelegate$BeanPostProcessorChecker : Bean 'defaultPointcutAdvisor' of type [org.springframework.aop.support.DefaultPointcutAdvisor] is not eligible for getting processed by all BeanPostProcessors (for example: not eligible for auto-proxying)
