2022-11-22 08:47:17.459  INFO 15040 --- [main] com.raj.front.service.UserServiceTest    : Started UserServiceTest in 5.515 seconds (JVM running for 6.799)
2022-11-22 08:47:17.812  INFO 15040 --- [main] c.r.front.service.impl.UserServiceImpl   : 发件人null
2022-11-22 08:47:17.894  INFO 15040 --- [SpringApplicationShutdownHook] com.alibaba.druid.pool.DruidDataSource   : {dataSource-0} closing ...
2022-11-22 08:48:17.028  INFO 5740 --- [main] com.raj.front.service.UserServiceTest    : Starting UserServiceTest using Java 1.8.0_351 on DESKTOP-KV8ES4J with PID 5740 (started by RainGrd in D:\materials\raj\raj-entrance)
2022-11-22 08:48:17.029  INFO 5740 --- [main] com.raj.front.service.UserServiceTest    : The following 6 profiles are active: "common", "entity", "dao", "service", "web", "entrance"
2022-11-22 08:48:17.855  INFO 5740 --- [main] .s.d.r.c.RepositoryConfigurationDelegate : Multiple Spring Data modules found, entering strict repository configuration mode
2022-11-22 08:48:17.858  INFO 5740 --- [main] .s.d.r.c.RepositoryConfigurationDelegate : Bootstrapping Spring Data Redis repositories in DEFAULT mode.
2022-11-22 08:48:17.907  INFO 5740 --- [main] .s.d.r.c.RepositoryConfigurationDelegate : Finished Spring Data repository scanning in 33 ms. Found 0 Redis repository interfaces.
2022-11-22 08:48:18.488  INFO 5740 --- [main] trationDelegate$BeanPostProcessorChecker : Bean 'org.springframework.boot.autoconfigure.jdbc.DataSourceConfiguration$Generic' of type [org.springframework.boot.autoconfigure.jdbc.DataSourceConfiguration$Generic] is not eligible for getting processed by all BeanPostProcessors (for example: not eligible for auto-proxying)
2022-11-22 08:48:18.552  INFO 5740 --- [main] trationDelegate$BeanPostProcessorChecker : Bean 'spring.datasource-org.springframework.boot.autoconfigure.jdbc.DataSourceProperties' of type [org.springframework.boot.autoconfigure.jdbc.DataSourceProperties] is not eligible for getting processed by all BeanPostProcessors (for example: not eligible for auto-proxying)
2022-11-22 08:48:18.613  INFO 5740 --- [main] trationDelegate$BeanPostProcessorChecker : Bean 'dataSource' of type [com.alibaba.druid.pool.DruidDataSource] is not eligible for getting processed by all BeanPostProcessors (for example: not eligible for auto-proxying)
2022-11-22 08:48:18.633  INFO 5740 --- [main] trationDelegate$BeanPostProcessorChecker : Bean 'txAnoConfig' of type [com.raj.config.TxAnoConfig$$EnhancerBySpringCGLIB$$bfd1374d] is not eligible for getting processed by all BeanPostProcessors (for example: not eligible for auto-proxying)
2022-11-22 08:48:18.660  INFO 5740 --- [main] trationDelegate$BeanPostProcessorChecker : Bean 'txManger' of type [org.springframework.jdbc.datasource.DataSourceTransactionManager] is not eligible for getting processed by all BeanPostProcessors (for example: not eligible for auto-proxying)
2022-11-22 08:48:18.664  INFO 5740 --- [main] com.raj.config.TxAnoConfig               : 加载事务拦截器
2022-11-22 08:48:18.664  INFO 5740 --- [main] trationDelegate$BeanPostProcessorChecker : Bean 'txAdvice' of type [org.springframework.transaction.interceptor.TransactionInterceptor] is not eligible for getting processed by all BeanPostProcessors (for example: not eligible for auto-proxying)
2022-11-22 08:48:18.671  INFO 5740 --- [main] com.raj.config.TxAnoConfig               : 加载切面拦截规则
2022-11-22 08:48:18.677  INFO 5740 --- [main] trationDelegate$BeanPostProcessorChecker : Bean 'defaultPointcutAdvisor' of type [org.springframework.aop.support.DefaultPointcutAdvisor] is not eligible for getting processed by all BeanPostProcessors (for example: not eligible for auto-proxying)
2022-11-22 08:48:20.972  INFO 5740 --- [main] com.raj.config.RedisConfig               : 加载Redis缓存管理器...
2022-11-22 08:48:21.460  INFO 5740 --- [main] com.raj.config.MvcConfig                 : 加载消息转换器...
2022-11-22 08:48:21.629  INFO 5740 --- [main] com.raj.config.MvcConfig                 : 放行路径:[/backend/api/**, /backend/images/**, /backend/js/**, /backend/plugins/**, /backend/styles/**, /backend/favicon.ico, /backend/login/**, /common/**, /backend/page/**, /favicon.ico, /backend/index.html, /front/**]
