2022-11-22 19:38:08.180  INFO 17676 --- [main] trationDelegate$BeanPostProcessorChecker : Bean 'txAdvice' of type [org.springframework.transaction.interceptor.TransactionInterceptor] is not eligible for getting processed by all BeanPostProcessors (for example: not eligible for auto-proxying)
2022-11-22 19:38:08.192  INFO 17676 --- [main] com.raj.config.TxAnoConfig               : 加载切面拦截规则
2022-11-22 19:38:08.203  INFO 17676 --- [main] trationDelegate$BeanPostProcessorChecker : Bean 'defaultPointcutAdvisor' of type [org.springframework.aop.support.DefaultPointcutAdvisor] is not eligible for getting processed by all BeanPostProcessors (for example: not eligible for auto-proxying)
2022-11-22 19:38:11.183  INFO 17676 --- [main] com.raj.config.RedisConfig               : 加载Redis缓存管理器...
2022-11-22 19:38:12.012  INFO 17676 --- [main] com.raj.config.MvcConfig                 : 加载消息转换器...
2022-11-22 19:38:12.317  INFO 17676 --- [main] com.raj.config.MvcConfig                 : 放行路径:[/backend/api/**, /backend/images/**, /backend/js/**, /backend/plugins/**, /backend/styles/**, /backend/favicon.ico, /backend/login/**, /common/**, /backend/page/**, /favicon.ico, /backend/index.html, /front/page/**, /front/api/**, /front/images/**, /front/js/**, /front/fonts/**, /front/styles/**, /front/favicon.ico, /front/login/**, /front/index.html]
2022-11-22 19:38:13.557  INFO 17676 --- [main] com.raj.front.service.UserServiceTest    : Started UserServiceTest in 7.716 seconds (JVM running for 9.199)
2022-11-22 19:38:14.025  INFO 17676 --- [main] c.r.front.service.impl.UserServiceImpl   : 验证码-------------------------------:5f0b2d
2022-11-22 19:38:15.382  INFO 17676 --- [main] c.r.front.service.impl.UserServiceImpl   : 封装好的邮箱实体对象:EmailModel(sendTo=duanronggui1224@163.com, title=邮箱登录验证码, text=<h1>尊敬的客户您好！</h1><p>你的验证码为5f0b2d</p>, filePath=null)
2022-11-22 19:38:15.419  INFO 17676 --- [main] com.raj.utils.EmailUtils                 : 发件人,3403896469@qq.com
2022-11-22 19:38:15.420  INFO 17676 --- [main] com.raj.utils.EmailUtils                 : 收件人:duanronggui1224@163.com
2022-11-22 19:38:15.421  INFO 17676 --- [main] com.raj.utils.EmailUtils                 : 邮件标题,邮箱登录验证码
2022-11-22 19:38:15.422  INFO 17676 --- [main] com.raj.utils.EmailUtils                 : 邮件内容,<h1>尊敬的客户您好！</h1><p>你的验证码为5f0b2d</p>
2022-11-22 19:38:15.860 ERROR 17676 --- [main] com.raj.utils.EmailUtils                 : Authentication failed; nested exception is javax.mail.AuthenticationFailedException: 535 Login Fail. Please enter your authorization code to login. More information in http://service.mail.qq.com/cgi-bin/help?subtype=1&&id=28&&no=1001256

2022-11-22 19:38:16.003  INFO 17676 --- [SpringApplicationShutdownHook] com.alibaba.druid.pool.DruidDataSource   : {dataSource-0} closing ...
2022-11-22 19:38:52.641  INFO 23804 --- [main] com.raj.front.service.UserServiceTest    : Starting UserServiceTest using Java 1.8.0_351 on DESKTOP-KV8ES4J with PID 23804 (started by RainGrd in D:\materials\raj\raj-entrance)
2022-11-22 19:38:52.642  INFO 23804 --- [main] com.raj.front.service.UserServiceTest    : The following 6 profiles are active: "common", "entity", "dao", "service", "web", "entrance"
2022-11-22 19:38:53.651  INFO 23804 --- [main] .s.d.r.c.RepositoryConfigurationDelegate : Multiple Spring Data modules found, entering strict repository configuration mode
2022-11-22 19:38:53.655  INFO 23804 --- [main] .s.d.r.c.RepositoryConfigurationDelegate : Bootstrapping Spring Data Redis repositories in DEFAULT mode.
2022-11-22 19:38:53.703  INFO 23804 --- [main] .s.d.r.c.RepositoryConfigurationDelegate : Finished Spring Data repository scanning in 34 ms. Found 0 Redis repository interfaces.
2022-11-22 19:38:54.728  INFO 23804 --- [main] trationDelegate$BeanPostProcessorChecker : Bean 'org.springframework.boot.autoconfigure.jdbc.DataSourceConfiguration$Generic' of type [org.springframework.boot.autoconfigure.jdbc.DataSourceConfiguration$Generic] is not eligible for getting processed by all BeanPostProcessors (for example: not eligible for auto-proxying)
2022-11-22 19:38:54.810  INFO 23804 --- [main] trationDelegate$BeanPostProcessorChecker : Bean 'spring.datasource-org.springframework.boot.autoconfigure.jdbc.DataSourceProperties' of type [org.springframework.boot.autoconfigure.jdbc.DataSourceProperties] is not eligible for getting processed by all BeanPostProcessors (for example: not eligible for auto-proxying)
