2022-11-22 07:41:02.042  INFO 21524 --- [SpringApplicationShutdownHook] com.alibaba.druid.pool.DruidDataSource   : {dataSource-0} closing ...
2022-11-22 08:19:47.225  INFO 7004 --- [main] com.raj.front.service.UserServiceTest    : Starting UserServiceTest using Java 1.8.0_351 on DESKTOP-KV8ES4J with PID 7004 (started by RainGrd in D:\materials\raj\raj-entrance)
2022-11-22 08:19:47.226  INFO 7004 --- [main] com.raj.front.service.UserServiceTest    : The following 6 profiles are active: "common", "entity", "dao", "service", "web", "entrance"
2022-11-22 08:19:48.006  INFO 7004 --- [main] .s.d.r.c.RepositoryConfigurationDelegate : Multiple Spring Data modules found, entering strict repository configuration mode
2022-11-22 08:19:48.010  INFO 7004 --- [main] .s.d.r.c.RepositoryConfigurationDelegate : Bootstrapping Spring Data Redis repositories in DEFAULT mode.
2022-11-22 08:19:48.054  INFO 7004 --- [main] .s.d.r.c.RepositoryConfigurationDelegate : Finished Spring Data repository scanning in 30 ms. Found 0 Redis repository interfaces.
2022-11-22 08:19:48.608  INFO 7004 --- [main] trationDelegate$BeanPostProcessorChecker : Bean 'org.springframework.boot.autoconfigure.jdbc.DataSourceConfiguration$Generic' of type [org.springframework.boot.autoconfigure.jdbc.DataSourceConfiguration$Generic] is not eligible for getting processed by all BeanPostProcessors (for example: not eligible for auto-proxying)
2022-11-22 08:19:48.668  INFO 7004 --- [main] trationDelegate$BeanPostProcessorChecker : Bean 'spring.datasource-org.springframework.boot.autoconfigure.jdbc.DataSourceProperties' of type [org.springframework.boot.autoconfigure.jdbc.DataSourceProperties] is not eligible for getting processed by all BeanPostProcessors (for example: not eligible for auto-proxying)
2022-11-22 08:19:48.719  INFO 7004 --- [main] trationDelegate$BeanPostProcessorChecker : Bean 'dataSource' of type [com.alibaba.druid.pool.DruidDataSource] is not eligible for getting processed by all BeanPostProcessors (for example: not eligible for auto-proxying)
2022-11-22 08:19:48.736  INFO 7004 --- [main] trationDelegate$BeanPostProcessorChecker : Bean 'txAnoConfig' of type [com.raj.config.TxAnoConfig$$EnhancerBySpringCGLIB$$5ff68334] is not eligible for getting processed by all BeanPostProcessors (for example: not eligible for auto-proxying)
2022-11-22 08:19:48.758  INFO 7004 --- [main] trationDelegate$BeanPostProcessorChecker : Bean 'txManger' of type [org.springframework.jdbc.datasource.DataSourceTransactionManager] is not eligible for getting processed by all BeanPostProcessors (for example: not eligible for auto-proxying)
2022-11-22 08:19:48.762  INFO 7004 --- [main] com.raj.config.TxAnoConfig               : 加载事务拦截器
2022-11-22 08:19:48.763  INFO 7004 --- [main] trationDelegate$BeanPostProcessorChecker : Bean 'txAdvice' of type [org.springframework.transaction.interceptor.TransactionInterceptor] is not eligible for getting processed by all BeanPostProcessors (for example: not eligible for auto-proxying)
2022-11-22 08:19:48.767  INFO 7004 --- [main] com.raj.config.TxAnoConfig               : 加载切面拦截规则
2022-11-22 08:19:48.773  INFO 7004 --- [main] trationDelegate$BeanPostProcessorChecker : Bean 'defaultPointcutAdvisor' of type [org.springframework.aop.support.DefaultPointcutAdvisor] is not eligible for getting processed by all BeanPostProcessors (for example: not eligible for auto-proxying)
2022-11-22 08:19:51.050  INFO 7004 --- [main] com.raj.config.RedisConfig               : 加载Redis缓存管理器...
2022-11-22 08:19:51.528  INFO 7004 --- [main] com.raj.config.MvcConfig                 : 加载消息转换器...
2022-11-22 08:19:51.671  INFO 7004 --- [main] com.raj.config.MvcConfig                 : 放行路径:[/backend/api/**, /backend/images/**, /backend/js/**, /backend/plugins/**, /backend/styles/**, /backend/favicon.ico, /backend/login/**, /common/**, /backend/page/**, /favicon.ico, /backend/index.html, /front/**]
2022-11-22 08:19:52.318  INFO 7004 --- [main] com.raj.front.service.UserServiceTest    : Started UserServiceTest in 5.504 seconds (JVM running for 6.799)
2022-11-22 08:19:52.689  INFO 7004 --- [main] c.r.front.service.impl.UserServiceImpl   : 发件人:3403896469@qq.com
