2022-11-23 07:49:00.062  INFO 3708 --- [main] com.raj.config.RedisConfig               : 加载Redis缓存管理器...
2022-11-23 07:49:00.628  INFO 3708 --- [main] com.raj.config.MvcConfig                 : 加载消息转换器...
2022-11-23 07:49:00.840  INFO 3708 --- [main] com.raj.config.MvcConfig                 : 放行路径:[/backend/api/**, /backend/images/**, /backend/js/**, /backend/plugins/**, /backend/styles/**, /backend/favicon.ico, /backend/login/**, /common/**, /backend/page/**, /favicon.ico, /backend/index.html, /front/page/**, /front/api/**, /front/images/**, /front/js/**, /front/fonts/**, /front/styles/**, /front/favicon.ico, /front/login/**, /front/index.html]
2022-11-23 07:49:01.620  INFO 3708 --- [main] com.raj.front.service.UserServiceTest    : Started UserServiceTest in 6.128 seconds (JVM running for 7.556)
2022-11-23 07:49:01.998  INFO 3708 --- [main] c.r.front.service.impl.UserServiceImpl   : 验证码-------------------------------:d7a9a3
2022-11-23 07:49:03.462  INFO 3708 --- [main] c.r.front.service.impl.UserServiceImpl   : 封装好的邮箱实体对象:EmailModel(sendTo=duanronggui1224@163.com, title=邮箱登录验证码, text=<h1>尊敬的客户您好！</h1><p>你的验证码为d7a9a3</p>, filePath=null)
2022-11-23 07:49:03.622  INFO 3708 --- [SpringApplicationShutdownHook] com.alibaba.druid.pool.DruidDataSource   : {dataSource-0} closing ...
2022-11-23 07:50:54.596  INFO 18272 --- [main] com.raj.front.service.UserServiceTest    : Starting UserServiceTest using Java 1.8.0_351 on DESKTOP-KV8ES4J with PID 18272 (started by RainGrd in D:\materials\raj\raj-entrance)
2022-11-23 07:50:54.598  INFO 18272 --- [main] com.raj.front.service.UserServiceTest    : The following 6 profiles are active: "common", "entity", "dao", "service", "web", "entrance"
2022-11-23 07:50:55.418  INFO 18272 --- [main] .s.d.r.c.RepositoryConfigurationDelegate : Multiple Spring Data modules found, entering strict repository configuration mode
2022-11-23 07:50:55.421  INFO 18272 --- [main] .s.d.r.c.RepositoryConfigurationDelegate : Bootstrapping Spring Data Redis repositories in DEFAULT mode.
2022-11-23 07:50:55.477  INFO 18272 --- [main] .s.d.r.c.RepositoryConfigurationDelegate : Finished Spring Data repository scanning in 40 ms. Found 0 Redis repository interfaces.
2022-11-23 07:50:56.058  INFO 18272 --- [main] trationDelegate$BeanPostProcessorChecker : Bean 'org.springframework.boot.autoconfigure.jdbc.DataSourceConfiguration$Generic' of type [org.springframework.boot.autoconfigure.jdbc.DataSourceConfiguration$Generic] is not eligible for getting processed by all BeanPostProcessors (for example: not eligible for auto-proxying)
2022-11-23 07:50:56.126  INFO 18272 --- [main] trationDelegate$BeanPostProcessorChecker : Bean 'spring.datasource-org.springframework.boot.autoconfigure.jdbc.DataSourceProperties' of type [org.springframework.boot.autoconfigure.jdbc.DataSourceProperties] is not eligible for getting processed by all BeanPostProcessors (for example: not eligible for auto-proxying)
2022-11-23 07:50:56.186  INFO 18272 --- [main] trationDelegate$BeanPostProcessorChecker : Bean 'dataSource' of type [com.alibaba.druid.pool.DruidDataSource] is not eligible for getting processed by all BeanPostProcessors (for example: not eligible for auto-proxying)
2022-11-23 07:50:56.205  INFO 18272 --- [main] trationDelegate$BeanPostProcessorChecker : Bean 'txAnoConfig' of type [com.raj.config.TxAnoConfig$$EnhancerBySpringCGLIB$$b2492054] is not eligible for getting processed by all BeanPostProcessors (for example: not eligible for auto-proxying)
2022-11-23 07:50:56.230  INFO 18272 --- [main] trationDelegate$BeanPostProcessorChecker : Bean 'txManger' of type [org.springframework.jdbc.datasource.DataSourceTransactionManager] is not eligible for getting processed by all BeanPostProcessors (for example: not eligible for auto-proxying)
2022-11-23 07:50:56.233  INFO 18272 --- [main] com.raj.config.TxAnoConfig               : 加载事务拦截器
2022-11-23 07:50:56.233  INFO 18272 --- [main] trationDelegate$BeanPostProcessorChecker : Bean 'txAdvice' of type [org.springframework.transaction.interceptor.TransactionInterceptor] is not eligible for getting processed by all BeanPostProcessors (for example: not eligible for auto-proxying)
2022-11-23 07:50:56.238  INFO 18272 --- [main] com.raj.config.TxAnoConfig               : 加载切面拦截规则
2022-11-23 07:50:56.244  INFO 18272 --- [main] trationDelegate$BeanPostProcessorChecker : Bean 'defaultPointcutAdvisor' of type [org.springframework.aop.support.DefaultPointcutAdvisor] is not eligible for getting processed by all BeanPostProcessors (for example: not eligible for auto-proxying)
