2022-11-22 19:50:54.166  INFO 21052 --- [main] com.raj.config.RedisConfig               : 加载Redis缓存管理器...
2022-11-22 19:50:54.672  INFO 21052 --- [main] com.raj.config.MvcConfig                 : 加载消息转换器...
2022-11-22 19:50:54.865  INFO 21052 --- [main] com.raj.config.MvcConfig                 : 放行路径:[/backend/api/**, /backend/images/**, /backend/js/**, /backend/plugins/**, /backend/styles/**, /backend/favicon.ico, /backend/login/**, /common/**, /backend/page/**, /favicon.ico, /backend/index.html, /front/page/**, /front/api/**, /front/images/**, /front/js/**, /front/fonts/**, /front/styles/**, /front/favicon.ico, /front/login/**, /front/index.html]
2022-11-22 19:50:55.621  INFO 21052 --- [main] com.raj.front.service.UserServiceTest    : Started UserServiceTest in 5.989 seconds (JVM running for 7.499)
2022-11-22 19:50:56.009  INFO 21052 --- [main] c.r.front.service.impl.UserServiceImpl   : 验证码-------------------------------:818c43
2022-11-22 19:50:57.331  INFO 21052 --- [main] c.r.front.service.impl.UserServiceImpl   : 封装好的邮箱实体对象:EmailModel(sendTo=duanronggui1224@163.com, title=邮箱登录验证码, text=<h1>尊敬的客户您好！</h1><p>你的验证码为818c43</p>, filePath=null)
2022-11-22 19:50:57.372  INFO 21052 --- [main] com.raj.utils.EmailUtils                 : 发件人,3403896469@qq.com
2022-11-22 19:50:57.373  INFO 21052 --- [main] com.raj.utils.EmailUtils                 : 收件人:duanronggui1224@163.com
2022-11-22 19:50:57.373  INFO 21052 --- [main] com.raj.utils.EmailUtils                 : 邮件标题,邮箱登录验证码
2022-11-22 19:50:57.374  INFO 21052 --- [main] com.raj.utils.EmailUtils                 : 邮件内容,<h1>尊敬的客户您好！</h1><p>你的验证码为818c43</p>
2022-11-22 19:50:57.734 ERROR 21052 --- [main] com.raj.utils.EmailUtils                 : Authentication failed; nested exception is javax.mail.AuthenticationFailedException: 535 Login Fail. Please enter your authorization code to login. More information in http://service.mail.qq.com/cgi-bin/help?subtype=1&&id=28&&no=1001256

2022-11-22 19:50:57.884  INFO 21052 --- [SpringApplicationShutdownHook] com.alibaba.druid.pool.DruidDataSource   : {dataSource-0} closing ...
2022-11-22 20:15:41.636  INFO 17088 --- [main] com.raj.front.service.UserServiceTest    : Starting UserServiceTest using Java 1.8.0_351 on DESKTOP-KV8ES4J with PID 17088 (started by RainGrd in D:\materials\raj\raj-entrance)
2022-11-22 20:15:41.638  INFO 17088 --- [main] com.raj.front.service.UserServiceTest    : The following 6 profiles are active: "common", "entity", "dao", "service", "web", "entrance"
2022-11-22 20:15:42.621  INFO 17088 --- [main] .s.d.r.c.RepositoryConfigurationDelegate : Multiple Spring Data modules found, entering strict repository configuration mode
2022-11-22 20:15:42.625  INFO 17088 --- [main] .s.d.r.c.RepositoryConfigurationDelegate : Bootstrapping Spring Data Redis repositories in DEFAULT mode.
2022-11-22 20:15:42.676  INFO 17088 --- [main] .s.d.r.c.RepositoryConfigurationDelegate : Finished Spring Data repository scanning in 33 ms. Found 0 Redis repository interfaces.
2022-11-22 20:15:43.343  INFO 17088 --- [main] trationDelegate$BeanPostProcessorChecker : Bean 'org.springframework.boot.autoconfigure.jdbc.DataSourceConfiguration$Generic' of type [org.springframework.boot.autoconfigure.jdbc.DataSourceConfiguration$Generic] is not eligible for getting processed by all BeanPostProcessors (for example: not eligible for auto-proxying)
2022-11-22 20:15:43.446  INFO 17088 --- [main] trationDelegate$BeanPostProcessorChecker : Bean 'spring.datasource-org.springframework.boot.autoconfigure.jdbc.DataSourceProperties' of type [org.springframework.boot.autoconfigure.jdbc.DataSourceProperties] is not eligible for getting processed by all BeanPostProcessors (for example: not eligible for auto-proxying)
2022-11-22 20:15:43.510  INFO 17088 --- [main] trationDelegate$BeanPostProcessorChecker : Bean 'dataSource' of type [com.alibaba.druid.pool.DruidDataSource] is not eligible for getting processed by all BeanPostProcessors (for example: not eligible for auto-proxying)
2022-11-22 20:15:43.533  INFO 17088 --- [main] trationDelegate$BeanPostProcessorChecker : Bean 'txAnoConfig' of type [com.raj.config.TxAnoConfig$$EnhancerBySpringCGLIB$$1841b49e] is not eligible for getting processed by all BeanPostProcessors (for example: not eligible for auto-proxying)
2022-11-22 20:15:43.565  INFO 17088 --- [main] trationDelegate$BeanPostProcessorChecker : Bean 'txManger' of type [org.springframework.jdbc.datasource.DataSourceTransactionManager] is not eligible for getting processed by all BeanPostProcessors (for example: not eligible for auto-proxying)
2022-11-22 20:15:43.571  INFO 17088 --- [main] com.raj.config.TxAnoConfig               : 加载事务拦截器
