2022-11-22 12:03:16.760  INFO 8852 --- [main] com.raj.config.RedisConfig               : 加载Redis缓存管理器...
2022-11-22 12:03:17.287  INFO 8852 --- [main] com.raj.config.MvcConfig                 : 加载消息转换器...
2022-11-22 12:03:17.477  INFO 8852 --- [main] com.raj.config.MvcConfig                 : 放行路径:[/backend/api/**, /backend/images/**, /backend/js/**, /backend/plugins/**, /backend/styles/**, /backend/favicon.ico, /backend/login/**, /common/**, /backend/page/**, /favicon.ico, /backend/index.html, /front/**]
2022-11-22 12:03:18.259  INFO 8852 --- [main] com.raj.front.service.UserServiceTest    : Started UserServiceTest in 6.064 seconds (JVM running for 7.394)
2022-11-22 12:03:18.597  INFO 8852 --- [main] c.r.front.service.impl.UserServiceImpl   : 验证码-------------------------------:84f24d
2022-11-22 12:03:19.825  INFO 8852 --- [main] c.r.front.service.impl.UserServiceImpl   : 封装好的邮箱实体对象:EmailModel(sendTo=duanronggui1224@163.com, title=邮箱登录验证码, text=<h1>尊敬的客户您好！</h1><p>你的验证码为</p>, filePath=null)
2022-11-22 12:03:19.966  INFO 8852 --- [SpringApplicationShutdownHook] com.alibaba.druid.pool.DruidDataSource   : {dataSource-0} closing ...
2022-11-22 12:04:44.893  INFO 8936 --- [main] com.raj.front.service.UserServiceTest    : Starting UserServiceTest using Java 1.8.0_351 on DESKTOP-KV8ES4J with PID 8936 (started by RainGrd in D:\materials\raj\raj-entrance)
2022-11-22 12:04:44.894  INFO 8936 --- [main] com.raj.front.service.UserServiceTest    : The following 6 profiles are active: "common", "entity", "dao", "service", "web", "entrance"
2022-11-22 12:04:45.737  INFO 8936 --- [main] .s.d.r.c.RepositoryConfigurationDelegate : Multiple Spring Data modules found, entering strict repository configuration mode
2022-11-22 12:04:45.741  INFO 8936 --- [main] .s.d.r.c.RepositoryConfigurationDelegate : Bootstrapping Spring Data Redis repositories in DEFAULT mode.
2022-11-22 12:04:45.792  INFO 8936 --- [main] .s.d.r.c.RepositoryConfigurationDelegate : Finished Spring Data repository scanning in 33 ms. Found 0 Redis repository interfaces.
2022-11-22 12:04:46.377  INFO 8936 --- [main] trationDelegate$BeanPostProcessorChecker : Bean 'org.springframework.boot.autoconfigure.jdbc.DataSourceConfiguration$Generic' of type [org.springframework.boot.autoconfigure.jdbc.DataSourceConfiguration$Generic] is not eligible for getting processed by all BeanPostProcessors (for example: not eligible for auto-proxying)
2022-11-22 12:04:46.438  INFO 8936 --- [main] trationDelegate$BeanPostProcessorChecker : Bean 'spring.datasource-org.springframework.boot.autoconfigure.jdbc.DataSourceProperties' of type [org.springframework.boot.autoconfigure.jdbc.DataSourceProperties] is not eligible for getting processed by all BeanPostProcessors (for example: not eligible for auto-proxying)
2022-11-22 12:04:46.494  INFO 8936 --- [main] trationDelegate$BeanPostProcessorChecker : Bean 'dataSource' of type [com.alibaba.druid.pool.DruidDataSource] is not eligible for getting processed by all BeanPostProcessors (for example: not eligible for auto-proxying)
2022-11-22 12:04:46.514  INFO 8936 --- [main] trationDelegate$BeanPostProcessorChecker : Bean 'txAnoConfig' of type [com.raj.config.TxAnoConfig$$EnhancerBySpringCGLIB$$d272c9f] is not eligible for getting processed by all BeanPostProcessors (for example: not eligible for auto-proxying)
2022-11-22 12:04:46.539  INFO 8936 --- [main] trationDelegate$BeanPostProcessorChecker : Bean 'txManger' of type [org.springframework.jdbc.datasource.DataSourceTransactionManager] is not eligible for getting processed by all BeanPostProcessors (for example: not eligible for auto-proxying)
2022-11-22 12:04:46.543  INFO 8936 --- [main] com.raj.config.TxAnoConfig               : 加载事务拦截器
2022-11-22 12:04:46.543  INFO 8936 --- [main] trationDelegate$BeanPostProcessorChecker : Bean 'txAdvice' of type [org.springframework.transaction.interceptor.TransactionInterceptor] is not eligible for getting processed by all BeanPostProcessors (for example: not eligible for auto-proxying)
2022-11-22 12:04:46.547  INFO 8936 --- [main] com.raj.config.TxAnoConfig               : 加载切面拦截规则
2022-11-22 12:04:46.553  INFO 8936 --- [main] trationDelegate$BeanPostProcessorChecker : Bean 'defaultPointcutAdvisor' of type [org.springframework.aop.support.DefaultPointcutAdvisor] is not eligible for getting processed by all BeanPostProcessors (for example: not eligible for auto-proxying)
