2022-11-22 15:20:52.060  INFO 12584 --- [main] com.raj.config.RedisConfig               : 加载Redis缓存管理器...
2022-11-22 15:20:52.639  INFO 12584 --- [main] com.raj.config.MvcConfig                 : 加载消息转换器...
2022-11-22 15:20:52.853  INFO 12584 --- [main] com.raj.config.MvcConfig                 : 放行路径:[/backend/api/**, /backend/images/**, /backend/js/**, /backend/plugins/**, /backend/styles/**, /backend/favicon.ico, /backend/login/**, /common/**, /backend/page/**, /favicon.ico, /backend/index.html, /front/page/**, /front/api/**, /front/images/**, /front/js/**, /front/fonts/**, /front/styles/**, /front/favicon.ico, /front/login/**]
2022-11-22 15:20:53.702  INFO 12584 --- [main] com.raj.front.service.UserServiceTest    : Started UserServiceTest in 6.363 seconds (JVM running for 7.913)
2022-11-22 15:20:55.895  INFO 12584 --- [main] c.r.front.service.impl.UserServiceImpl   : Redis中验证码:155b0f
2022-11-22 15:20:56.138  INFO 12584 --- [main] com.alibaba.druid.pool.DruidDataSource   : {dataSource-1} inited
2022-11-22 15:20:56.370  INFO 12584 --- [main] c.r.front.service.impl.UserServiceImpl   : 查询出来的用户对象:User(id=1594943486342266881, name=RainGrd, phone=15873461176, sex=0, idNumber=430481200512240371, avatar=null, status=1, email=duanronggui1224@163.com)
2022-11-22 15:20:56.679  INFO 12584 --- [SpringApplicationShutdownHook] com.alibaba.druid.pool.DruidDataSource   : {dataSource-1} closing ...
2022-11-22 15:20:56.689  INFO 12584 --- [SpringApplicationShutdownHook] com.alibaba.druid.pool.DruidDataSource   : {dataSource-1} closed
2022-11-22 18:03:42.071  INFO 10400 --- [main] c.r.backend.service.CategoryServiceTest  : Starting CategoryServiceTest using Java 1.8.0_351 on DESKTOP-KV8ES4J with PID 10400 (started by RainGrd in D:\materials\raj\raj-entrance)
2022-11-22 18:03:42.073  INFO 10400 --- [main] c.r.backend.service.CategoryServiceTest  : The following 6 profiles are active: "common", "entity", "dao", "service", "web", "entrance"
2022-11-22 18:03:42.907  INFO 10400 --- [main] .s.d.r.c.RepositoryConfigurationDelegate : Multiple Spring Data modules found, entering strict repository configuration mode
2022-11-22 18:03:42.910  INFO 10400 --- [main] .s.d.r.c.RepositoryConfigurationDelegate : Bootstrapping Spring Data Redis repositories in DEFAULT mode.
2022-11-22 18:03:42.958  INFO 10400 --- [main] .s.d.r.c.RepositoryConfigurationDelegate : Finished Spring Data repository scanning in 32 ms. Found 0 Redis repository interfaces.
2022-11-22 18:03:43.676  INFO 10400 --- [main] trationDelegate$BeanPostProcessorChecker : Bean 'org.springframework.boot.autoconfigure.jdbc.DataSourceConfiguration$Generic' of type [org.springframework.boot.autoconfigure.jdbc.DataSourceConfiguration$Generic] is not eligible for getting processed by all BeanPostProcessors (for example: not eligible for auto-proxying)
2022-11-22 18:03:43.779  INFO 10400 --- [main] trationDelegate$BeanPostProcessorChecker : Bean 'spring.datasource-org.springframework.boot.autoconfigure.jdbc.DataSourceProperties' of type [org.springframework.boot.autoconfigure.jdbc.DataSourceProperties] is not eligible for getting processed by all BeanPostProcessors (for example: not eligible for auto-proxying)
2022-11-22 18:03:43.848  INFO 10400 --- [main] trationDelegate$BeanPostProcessorChecker : Bean 'dataSource' of type [com.alibaba.druid.pool.DruidDataSource] is not eligible for getting processed by all BeanPostProcessors (for example: not eligible for auto-proxying)
2022-11-22 18:03:43.872  INFO 10400 --- [main] trationDelegate$BeanPostProcessorChecker : Bean 'txAnoConfig' of type [com.raj.config.TxAnoConfig$$EnhancerBySpringCGLIB$$a5e21b19] is not eligible for getting processed by all BeanPostProcessors (for example: not eligible for auto-proxying)
2022-11-22 18:03:43.903  INFO 10400 --- [main] trationDelegate$BeanPostProcessorChecker : Bean 'txManger' of type [org.springframework.jdbc.datasource.DataSourceTransactionManager] is not eligible for getting processed by all BeanPostProcessors (for example: not eligible for auto-proxying)
2022-11-22 18:03:43.906  INFO 10400 --- [main] com.raj.config.TxAnoConfig               : 加载事务拦截器
